2025-08-04 06:53:11,776 [INFO] 🚀 Loglama başlatıldı: logs/btmigrate_20250804_065311.log
2025-08-04 06:53:11,776 [INFO] 🚨 Hatalar ayrıca burada: logs/btmigrate_error_20250804_065311.log
2025-08-04 06:53:11,777 [DEBUG] Starting new HTTPS connection (1): bt.quasys.local:443
2025-08-04 06:53:11,861 [DEBUG] https://bt.quasys.local:443 "GET /BeyondTrust/api/public/v3/ManagedSystems HTTP/1.1" 200 6181
2025-08-04 06:53:11,862 [INFO] 📥 Managed System listesi API'den alındı ve cache'e yazıldı. (6 kayıt)
2025-08-04 06:53:11,863 [INFO] ✅ ManagedSystem cache yüklendi. (6 kayıt)
2025-08-04 06:53:11,864 [DEBUG] Starting new HTTPS connection (1): bt.quasys.local:443
2025-08-04 06:53:11,950 [DEBUG] https://bt.quasys.local:443 "GET /BeyondTrust/api/public/v3/FunctionalAccounts HTTP/1.1" 200 2315
2025-08-04 06:53:11,950 [INFO] 📥 FunctionalAccount listesi API'den alındı ve cache'e yazıldı. (9 kayıt)
2025-08-04 06:53:11,951 [INFO] ✅ FunctionalAccount cache yüklendi. (9 kayıt)
2025-08-04 06:53:11,952 [DEBUG] Starting new HTTPS connection (1): bt.quasys.local:443
2025-08-04 06:53:11,990 [DEBUG] https://bt.quasys.local:443 "GET /BeyondTrust/api/public/v3/SmartRules HTTP/1.1" 200 10222
2025-08-04 06:53:11,991 [INFO] ✅ SmartRule cache yüklendi. (35 kayıt)
2025-08-04 06:53:11,992 [DEBUG] Starting new HTTPS connection (1): bt.quasys.local:443
2025-08-04 06:53:12,015 [DEBUG] https://bt.quasys.local:443 "GET /BeyondTrust/api/public/v3/Applications HTTP/1.1" 200 1645
2025-08-04 06:53:12,016 [INFO] 📥 Application listesi API'den alındı ve cache'e yazıldı. (4 kayıt)
2025-08-04 06:53:12,017 [INFO] ✅ Application cache yüklendi. (4 kayıt)
2025-08-04 06:53:12,018 [DEBUG] Starting new HTTPS connection (1): bt.quasys.local:443
2025-08-04 06:53:12,046 [DEBUG] https://bt.quasys.local:443 "GET /BeyondTrust/api/public/v3/UserGroups HTTP/1.1" 200 649
2025-08-04 06:53:12,046 [INFO] 📥 User group listesi API'den alındı ve cache'e yazıldı. (2 kayıt)
2025-08-04 06:53:12,047 [INFO] ✅ UserGroup cache yüklendi. (2 kayıt)
2025-08-04 06:53:12,048 [DEBUG] Starting new HTTPS connection (1): bt.quasys.local:443
2025-08-04 06:53:12,085 [DEBUG] https://bt.quasys.local:443 "GET /BeyondTrust/api/public/v3/Users HTTP/1.1" 200 2090
2025-08-04 06:53:12,086 [INFO] 📥 User listesi API'den alındı ve cache'e yazıldı. (6 kayıt)
2025-08-04 06:53:12,087 [INFO] ✅ User cache yüklendi. (6 kayıt)
2025-08-04 06:53:12,095 [INFO] ✅ Output Excel dosyası oluşturuldu: data/btmigrate_output.xlsx
2025-08-04 06:53:12,106 [DEBUG] [FA Lookup] Gelen domain: quasys.local, OS: linux
2025-08-04 06:53:12,106 [DEBUG] [FA Lookup] Eşleşen FA ID: 5
2025-08-04 06:53:12,107 [DEBUG] Starting new HTTPS connection (1): bt.quasys.local:443
2025-08-04 06:53:12,258 [DEBUG] https://bt.quasys.local:443 "POST /BeyondTrust/api/public/v3/Workgroups/2/ManagedSystems HTTP/1.1" 201 1006
2025-08-04 06:53:12,259 [INFO] Row 1: ✅ Linux Managed System oluşturuldu: None
2025-08-04 06:53:12,269 [DEBUG] [FA Lookup] Gelen domain: quasys.local, OS: windows
2025-08-04 06:53:12,269 [DEBUG] [FA Lookup] Eşleşen FA ID: 4
2025-08-04 06:53:12,270 [DEBUG] Starting new HTTPS connection (1): bt.quasys.local:443
2025-08-04 06:53:12,435 [DEBUG] https://bt.quasys.local:443 "POST /BeyondTrust/api/public/v3/Workgroups/2/ManagedSystems HTTP/1.1" 201 1011
2025-08-04 06:53:12,436 [INFO] Row 2: ✅ Managed System oluşturuldu: None
2025-08-04 06:53:12,446 [DEBUG] [FA Lookup] Gelen domain: quasys.local, OS: mssql
2025-08-04 06:53:12,446 [DEBUG] [FA Lookup] Eşleşen FA ID: 9
2025-08-04 06:53:12,447 [DEBUG] Starting new HTTPS connection (1): bt.quasys.local:443
2025-08-04 06:53:12,569 [DEBUG] https://bt.quasys.local:443 "POST /BeyondTrust/api/public/v3/Workgroups/2/ManagedSystems HTTP/1.1" 201 1123
2025-08-04 06:53:12,570 [INFO] Row 3: ✅ MSSQL Managed System oluşturuldu: None
2025-08-04 06:53:12,581 [INFO] Row 4: ✅ Zaten mevcut → None
2025-08-04 06:53:12,592 [INFO] Row 5: ✅ Zaten mevcut → None
2025-08-04 06:53:12,602 [INFO] Row 6: ✅ Zaten mevcut → None
2025-08-04 06:53:12,611 [INFO] Row 7: ✅ Zaten mevcut → None
2025-08-04 06:53:12,620 [INFO] Row 8: ✅ Zaten mevcut → None
2025-08-04 06:53:12,630 [INFO] Row 9: ✅ Zaten mevcut → None
2025-08-04 06:53:12,640 [INFO] Row 10: ✅ Zaten mevcut → None
2025-08-04 06:53:12,651 [INFO] Row 11: ✅ Zaten mevcut → None
