2025-08-11 10:10:06,643 [INFO] 🚀 Loglama başlatıldı: logs/btmigrate_20250811_101006.log
2025-08-11 10:10:06,643 [INFO] 🚨 Hatalar ayrıca burada: logs/btmigrate_error_20250811_101006.log
2025-08-11 10:10:06,644 [DEBUG] Starting new HTTPS connection (1): bt.quasys.local:443
2025-08-11 10:10:06,726 [DEBUG] https://bt.quasys.local:443 "GET /BeyondTrust/api/public/v3/ManagedSystems HTTP/1.1" 200 4096
2025-08-11 10:10:06,727 [INFO] 📥 Managed System listesi API'den alındı ve cache'e yazıldı. (4 kayıt)
2025-08-11 10:10:06,728 [INFO] ✅ ManagedSystem cache yüklendi. (4 kayıt)
2025-08-11 10:10:06,729 [DEBUG] Starting new HTTPS connection (1): bt.quasys.local:443
2025-08-11 10:10:06,851 [DEBUG] https://bt.quasys.local:443 "GET /BeyondTrust/api/public/v3/FunctionalAccounts HTTP/1.1" 200 2315
2025-08-11 10:10:06,852 [INFO] 📥 FunctionalAccount listesi API'den alındı ve cache'e yazıldı. (9 kayıt)
2025-08-11 10:10:06,852 [INFO] ✅ FunctionalAccount cache yüklendi. (9 kayıt)
2025-08-11 10:10:06,854 [DEBUG] Starting new HTTPS connection (1): bt.quasys.local:443
2025-08-11 10:10:06,891 [DEBUG] https://bt.quasys.local:443 "GET /BeyondTrust/api/public/v3/SmartRules HTTP/1.1" 200 8877
2025-08-11 10:10:06,893 [INFO] ✅ SmartRule cache yüklendi. (30 kayıt)
2025-08-11 10:10:06,894 [DEBUG] Starting new HTTPS connection (1): bt.quasys.local:443
2025-08-11 10:10:06,918 [DEBUG] https://bt.quasys.local:443 "GET /BeyondTrust/api/public/v3/Applications HTTP/1.1" 200 1645
2025-08-11 10:10:06,919 [INFO] 📥 Application listesi API'den alındı ve cache'e yazıldı. (4 kayıt)
2025-08-11 10:10:06,920 [INFO] ✅ Application cache yüklendi. (4 kayıt)
2025-08-11 10:10:06,921 [DEBUG] Starting new HTTPS connection (1): bt.quasys.local:443
2025-08-11 10:10:06,947 [DEBUG] https://bt.quasys.local:443 "GET /BeyondTrust/api/public/v3/UserGroups HTTP/1.1" 200 1939
2025-08-11 10:10:06,947 [INFO] 📥 User group listesi API'den alındı ve cache'e yazıldı. (6 kayıt)
2025-08-11 10:10:06,948 [INFO] ✅ UserGroup cache yüklendi. (6 kayıt)
2025-08-11 10:10:06,949 [DEBUG] Starting new HTTPS connection (1): bt.quasys.local:443
2025-08-11 10:10:06,985 [DEBUG] https://bt.quasys.local:443 "GET /BeyondTrust/api/public/v3/Users HTTP/1.1" 200 2450
2025-08-11 10:10:06,986 [INFO] 📥 User listesi API'den alındı ve cache'e yazıldı. (7 kayıt)
2025-08-11 10:10:06,987 [INFO] ✅ User cache yüklendi. (7 kayıt)
2025-08-11 10:10:06,987 [INFO] 🧹 Var olan output dosyası silindi: data/btmigrate_output.xlsx
2025-08-11 10:10:06,994 [INFO] ✅ Output Excel dosyası oluşturuldu: data/btmigrate_output.xlsx
2025-08-11 10:10:06,995 [DEBUG] Starting new HTTPS connection (1): bt.quasys.local:443
2025-08-11 10:10:07,051 [DEBUG] https://bt.quasys.local:443 "GET /BeyondTrust/api/public/v3/SmartRules HTTP/1.1" 200 8877
2025-08-11 10:10:07,052 [INFO] 📥 Smart Rule listesi API'den alındı ve cache'e yazıldı. (30 kayıt)
2025-08-11 10:10:07,053 [DEBUG] Starting new HTTPS connection (1): bt.quasys.local:443
2025-08-11 10:10:07,075 [DEBUG] https://bt.quasys.local:443 "GET /BeyondTrust/api/public/v3/Applications HTTP/1.1" 200 1645
2025-08-11 10:10:07,075 [INFO] 📥 Application listesi API'den alındı ve cache'e yazıldı. (4 kayıt)
2025-08-11 10:10:07,076 [INFO] 📥 Application listesi API'den alındı ve cache'e yazıldı. (4 kayıt)
2025-08-11 10:10:07,086 [DEBUG] [FA Lookup] Aranan → Domain: 'quasys.local', OS: 'linux'
2025-08-11 10:10:07,086 [DEBUG] [FA Lookup] Eşleşen FA bulundu → ID: 5
2025-08-11 10:10:07,087 [DEBUG] Starting new HTTPS connection (1): bt.quasys.local:443
2025-08-11 10:10:07,274 [DEBUG] https://bt.quasys.local:443 "POST /BeyondTrust/api/public/v3/Workgroups/2/ManagedSystems HTTP/1.1" 201 1003
2025-08-11 10:10:07,275 [INFO] Row 1: ✅ Linux Managed System oluşturuldu: None
2025-08-11 10:10:07,284 [DEBUG] [FA Lookup] Aranan → Domain: 'quasys.local', OS: 'windows'
2025-08-11 10:10:07,285 [DEBUG] [FA Lookup] Eşleşen FA bulundu → ID: 4
2025-08-11 10:10:07,285 [DEBUG] Starting new HTTPS connection (1): bt.quasys.local:443
2025-08-11 10:10:07,412 [DEBUG] https://bt.quasys.local:443 "POST /BeyondTrust/api/public/v3/Workgroups/2/ManagedSystems HTTP/1.1" 201 1008
2025-08-11 10:10:07,414 [INFO] Row 2: ✅ Managed System oluşturuldu: None
2025-08-11 10:10:07,425 [DEBUG] [FA Lookup] Aranan → Domain: 'quasys.local', OS: 'linux'
2025-08-11 10:10:07,425 [DEBUG] [FA Lookup] Eşleşen FA bulundu → ID: 5
2025-08-11 10:10:07,426 [DEBUG] Starting new HTTPS connection (1): bt.quasys.local:443
2025-08-11 10:10:07,568 [DEBUG] https://bt.quasys.local:443 "POST /BeyondTrust/api/public/v3/Workgroups/2/ManagedSystems HTTP/1.1" 201 1003
2025-08-11 10:10:07,570 [INFO] Row 3: ✅ Linux Managed System oluşturuldu: None
2025-08-11 10:10:07,579 [DEBUG] [FA Lookup] Aranan → Domain: 'quasys.local', OS: 'windows'
2025-08-11 10:10:07,579 [DEBUG] [FA Lookup] Eşleşen FA bulundu → ID: 4
2025-08-11 10:10:07,580 [DEBUG] Starting new HTTPS connection (1): bt.quasys.local:443
2025-08-11 10:10:07,713 [DEBUG] https://bt.quasys.local:443 "POST /BeyondTrust/api/public/v3/Workgroups/2/ManagedSystems HTTP/1.1" 201 1023
2025-08-11 10:10:07,714 [INFO] Row 4: ✅ Managed System oluşturuldu: None
2025-08-11 10:10:07,725 [DEBUG] [FA Lookup] Aranan → Domain: 'nondomain', OS: 'linux'
2025-08-11 10:10:07,725 [DEBUG] [FA Lookup] Domain eşleşmedi. Sadece OS ('linux') ile fallback denenecek.
2025-08-11 10:10:07,725 [DEBUG] [FA Lookup] (Fallback) Eşleşme bulunamadı. Domain: 'nondomain', OS: 'linux'
2025-08-11 10:10:07,726 [ERROR] Row 5: [LinuxHandler] Kod: -200 Message: Functional Account ID bulunamadı.
2025-08-11 10:10:07,737 [DEBUG] [FA Lookup] Aranan → Domain: 'quasys.local', OS: 'mssql'
2025-08-11 10:10:07,737 [DEBUG] [FA Lookup] Eşleşen FA bulundu → ID: 9
2025-08-11 10:10:07,737 [ERROR] Row 6: [MssqlHandler] Kod: -202 Message: Port değeri geçersiz: nan
2025-08-11 10:10:07,748 [DEBUG] [FA Lookup] Aranan → Domain: 'quasys.local', OS: 'mssql'
2025-08-11 10:10:07,748 [DEBUG] [FA Lookup] Eşleşen FA bulundu → ID: 9
2025-08-11 10:10:07,748 [ERROR] Row 7: [MssqlHandler] Kod: -202 Message: Port değeri geçersiz: nan
2025-08-11 10:10:07,759 [DEBUG] [FA Lookup] Aranan → Domain: 'nondomain', OS: 'oracle'
2025-08-11 10:10:07,759 [DEBUG] [FA Lookup] Domain eşleşmedi. Sadece OS ('oracle') ile fallback denenecek.
2025-08-11 10:10:07,759 [DEBUG] [FA Lookup] (Fallback) OS'e göre FA bulundu → ID: 8
2025-08-11 10:10:07,760 [DEBUG] Starting new HTTPS connection (1): bt.quasys.local:443
2025-08-11 10:10:07,891 [DEBUG] https://bt.quasys.local:443 "POST /BeyondTrust/api/public/v3/Workgroups/2/ManagedSystems HTTP/1.1" 201 1075
2025-08-11 10:10:07,892 [INFO] Row 8: ✅ Oracle Managed System oluşturuldu: None
2025-08-11 10:10:07,905 [DEBUG] [FA Lookup] Aranan → Domain: 'nondomain', OS: 'oracle'
2025-08-11 10:10:07,905 [DEBUG] [FA Lookup] Domain eşleşmedi. Sadece OS ('oracle') ile fallback denenecek.
2025-08-11 10:10:07,905 [DEBUG] [FA Lookup] (Fallback) OS'e göre FA bulundu → ID: 8
2025-08-11 10:10:07,906 [DEBUG] Starting new HTTPS connection (1): bt.quasys.local:443
2025-08-11 10:10:08,027 [DEBUG] https://bt.quasys.local:443 "POST /BeyondTrust/api/public/v3/Workgroups/2/ManagedSystems HTTP/1.1" 201 1077
2025-08-11 10:10:08,028 [INFO] Row 9: ✅ Oracle Managed System oluşturuldu: None
