2025-08-04 06:52:33,439 [INFO] 🚀 Loglama başlatıldı: logs/btmigrate_20250804_065233.log
2025-08-04 06:52:33,439 [INFO] 🚨 Hatalar ayrıca burada: logs/btmigrate_error_20250804_065233.log
2025-08-04 06:52:33,441 [DEBUG] Starting new HTTPS connection (1): bt.quasys.local:443
2025-08-04 06:52:33,520 [DEBUG] https://bt.quasys.local:443 "GET /BeyondTrust/api/public/v3/ManagedSystems HTTP/1.1" 200 9324
2025-08-04 06:52:33,521 [INFO] 📥 Managed System listesi API'den alındı ve cache'e yazıldı. (9 kayıt)
2025-08-04 06:52:33,522 [INFO] ✅ ManagedSystem cache yüklendi. (9 kayıt)
2025-08-04 06:52:33,523 [DEBUG] Starting new HTTPS connection (1): bt.quasys.local:443
2025-08-04 06:52:33,614 [DEBUG] https://bt.quasys.local:443 "GET /BeyondTrust/api/public/v3/FunctionalAccounts HTTP/1.1" 200 2315
2025-08-04 06:52:33,614 [INFO] 📥 FunctionalAccount listesi API'den alındı ve cache'e yazıldı. (9 kayıt)
2025-08-04 06:52:33,615 [INFO] ✅ FunctionalAccount cache yüklendi. (9 kayıt)
2025-08-04 06:52:33,617 [DEBUG] Starting new HTTPS connection (1): bt.quasys.local:443
2025-08-04 06:52:33,656 [DEBUG] https://bt.quasys.local:443 "GET /BeyondTrust/api/public/v3/SmartRules HTTP/1.1" 200 10222
2025-08-04 06:52:33,658 [INFO] ✅ SmartRule cache yüklendi. (35 kayıt)
2025-08-04 06:52:33,660 [DEBUG] Starting new HTTPS connection (1): bt.quasys.local:443
2025-08-04 06:52:33,683 [DEBUG] https://bt.quasys.local:443 "GET /BeyondTrust/api/public/v3/Applications HTTP/1.1" 200 1645
2025-08-04 06:52:33,683 [INFO] 📥 Application listesi API'den alındı ve cache'e yazıldı. (4 kayıt)
2025-08-04 06:52:33,684 [INFO] ✅ Application cache yüklendi. (4 kayıt)
2025-08-04 06:52:33,685 [DEBUG] Starting new HTTPS connection (1): bt.quasys.local:443
2025-08-04 06:52:33,711 [DEBUG] https://bt.quasys.local:443 "GET /BeyondTrust/api/public/v3/UserGroups HTTP/1.1" 200 649
2025-08-04 06:52:33,712 [INFO] 📥 User group listesi API'den alındı ve cache'e yazıldı. (2 kayıt)
2025-08-04 06:52:33,713 [INFO] ✅ UserGroup cache yüklendi. (2 kayıt)
2025-08-04 06:52:33,714 [DEBUG] Starting new HTTPS connection (1): bt.quasys.local:443
2025-08-04 06:52:33,750 [DEBUG] https://bt.quasys.local:443 "GET /BeyondTrust/api/public/v3/Users HTTP/1.1" 200 2090
2025-08-04 06:52:33,750 [INFO] 📥 User listesi API'den alındı ve cache'e yazıldı. (6 kayıt)
2025-08-04 06:52:33,752 [INFO] ✅ User cache yüklendi. (6 kayıt)
2025-08-04 06:52:33,759 [INFO] ✅ Output Excel dosyası oluşturuldu: data/btmigrate_output.xlsx
2025-08-04 06:52:33,769 [INFO] Row 1: ✅ Zaten mevcut → None
2025-08-04 06:52:33,777 [INFO] Row 2: ✅ Zaten mevcut → None
2025-08-04 06:52:33,785 [INFO] Row 3: ✅ Zaten mevcut → None
2025-08-04 06:52:33,795 [INFO] Row 4: ✅ Zaten mevcut → None
2025-08-04 06:52:33,803 [INFO] Row 5: ✅ Zaten mevcut → None
2025-08-04 06:52:33,813 [INFO] Row 6: ✅ Zaten mevcut → None
2025-08-04 06:52:33,822 [INFO] Row 7: ✅ Zaten mevcut → None
2025-08-04 06:52:33,832 [INFO] Row 8: ✅ Zaten mevcut → None
2025-08-04 06:52:33,841 [INFO] Row 9: ✅ Zaten mevcut → None
2025-08-04 06:52:33,852 [INFO] Row 10: ✅ Zaten mevcut → None
2025-08-04 06:52:33,863 [INFO] Row 11: ✅ Zaten mevcut → None
