2025-08-01 15:50:08,095 [INFO] 🚀 Loglama başlatıldı: logs/btmigrate_20250801_155008.log
2025-08-01 15:50:08,095 [INFO] 🚨 Hatalar ayrıca burada: logs/btmigrate_error_20250801_155008.log
2025-08-01 15:50:08,096 [DEBUG] Starting new HTTPS connection (1): bt.quasys.local:443
2025-08-01 15:50:08,176 [DEBUG] https://bt.quasys.local:443 "GET /BeyondTrust/api/public/v3/ManagedSystems HTTP/1.1" 200 9324
2025-08-01 15:50:08,176 [INFO] 📥 Managed System listesi API'den alındı ve cache'e yazıldı. (9 kayıt)
2025-08-01 15:50:08,177 [INFO] ✅ ManagedSystem cache yüklendi. (9 kayıt)
2025-08-01 15:50:08,178 [DEBUG] Starting new HTTPS connection (1): bt.quasys.local:443
2025-08-01 15:50:08,280 [DEBUG] https://bt.quasys.local:443 "GET /BeyondTrust/api/public/v3/FunctionalAccounts HTTP/1.1" 200 2315
2025-08-01 15:50:08,280 [INFO] 📥 FunctionalAccount listesi API'den alındı ve cache'e yazıldı. (9 kayıt)
2025-08-01 15:50:08,281 [INFO] ✅ FunctionalAccount cache yüklendi. (9 kayıt)
2025-08-01 15:50:08,289 [INFO] Row 1: ✅ Zaten mevcut → None
2025-08-01 15:50:08,289 [ERROR] [ADManagedAccount] Kod: 1 Message: 💥 Hata (AD managed account): log_message() takes 1 positional argument but 2 were given
2025-08-01 15:50:08,289 [INFO] Row 2: ✅ Zaten mevcut → None
2025-08-01 15:50:08,289 [ERROR] [ADManagedAccount] Kod: 1 Message: 💥 Hata (AD managed account): log_message() takes 1 positional argument but 2 were given
2025-08-01 15:50:08,289 [INFO] Row 3: ✅ Zaten mevcut → None
2025-08-01 15:50:08,289 [ERROR] [ManagedAccountDispatcher] Kod: 1 Message: 🚫 Desteklenmeyen managed account tipi. type='mssql', username='pam118064'
2025-08-01 15:50:08,289 [INFO] Row 4: ✅ Zaten mevcut → None
2025-08-01 15:50:08,289 [ERROR] [ADManagedAccount] Kod: 2 Message: 💥 Hata (AD managed account): log_message() takes 1 positional argument but 2 were given
2025-08-01 15:50:08,290 [INFO] Row 5: ✅ Zaten mevcut → None
2025-08-01 15:50:08,290 [ERROR] [ADManagedAccount] Kod: 2 Message: 💥 Hata (AD managed account): log_message() takes 1 positional argument but 2 were given
2025-08-01 15:50:08,290 [INFO] Row 6: ✅ Zaten mevcut → None
2025-08-01 15:50:08,290 [ERROR] [ManagedAccountDispatcher] Kod: 3 Message: 🚫 Desteklenmeyen managed account tipi. type='oracle', username='pam100545'
