2025-08-04 06:45:32,748 [INFO] 🚀 Loglama başlatıldı: logs/btmigrate_20250804_064532.log
2025-08-04 06:45:32,749 [INFO] 🚨 Hatalar ayrıca burada: logs/btmigrate_error_20250804_064532.log
2025-08-04 06:45:32,750 [DEBUG] Starting new HTTPS connection (1): bt.quasys.local:443
2025-08-04 06:45:32,828 [DEBUG] https://bt.quasys.local:443 "GET /BeyondTrust/api/public/v3/ManagedSystems HTTP/1.1" 200 9324
2025-08-04 06:45:32,829 [INFO] 📥 Managed System listesi API'den alındı ve cache'e yazıldı. (9 kayıt)
2025-08-04 06:45:32,830 [INFO] ✅ ManagedSystem cache yüklendi. (9 kayıt)
2025-08-04 06:45:32,831 [DEBUG] Starting new HTTPS connection (1): bt.quasys.local:443
2025-08-04 06:45:32,920 [DEBUG] https://bt.quasys.local:443 "GET /BeyondTrust/api/public/v3/FunctionalAccounts HTTP/1.1" 200 2315
2025-08-04 06:45:32,921 [INFO] 📥 FunctionalAccount listesi API'den alındı ve cache'e yazıldı. (9 kayıt)
2025-08-04 06:45:32,922 [INFO] ✅ FunctionalAccount cache yüklendi. (9 kayıt)
2025-08-04 06:45:32,923 [DEBUG] Starting new HTTPS connection (1): bt.quasys.local:443
2025-08-04 06:45:32,960 [DEBUG] https://bt.quasys.local:443 "GET /BeyondTrust/api/public/v3/SmartRules HTTP/1.1" 200 10217
2025-08-04 06:45:32,962 [INFO] ✅ SmartRule cache yüklendi. (35 kayıt)
2025-08-04 06:45:32,963 [DEBUG] Starting new HTTPS connection (1): bt.quasys.local:443
2025-08-04 06:45:32,984 [DEBUG] https://bt.quasys.local:443 "GET /BeyondTrust/api/public/v3/Applications HTTP/1.1" 200 1645
2025-08-04 06:45:32,985 [INFO] 📥 Application listesi API'den alındı ve cache'e yazıldı. (4 kayıt)
2025-08-04 06:45:32,985 [INFO] ✅ Application cache yüklendi. (4 kayıt)
2025-08-04 06:45:32,987 [DEBUG] Starting new HTTPS connection (1): bt.quasys.local:443
2025-08-04 06:45:33,022 [DEBUG] https://bt.quasys.local:443 "GET /BeyondTrust/api/public/v3/UserGroups HTTP/1.1" 200 649
2025-08-04 06:45:33,022 [INFO] 📥 User group listesi API'den alındı ve cache'e yazıldı. (2 kayıt)
2025-08-04 06:45:33,023 [INFO] ✅ UserGroup cache yüklendi. (2 kayıt)
2025-08-04 06:45:33,025 [DEBUG] Starting new HTTPS connection (1): bt.quasys.local:443
2025-08-04 06:45:33,062 [DEBUG] https://bt.quasys.local:443 "GET /BeyondTrust/api/public/v3/Users HTTP/1.1" 200 2090
2025-08-04 06:45:33,062 [INFO] 📥 User listesi API'den alındı ve cache'e yazıldı. (6 kayıt)
2025-08-04 06:45:33,063 [INFO] ✅ User cache yüklendi. (6 kayıt)
2025-08-04 06:45:33,070 [INFO] ✅ Output Excel dosyası oluşturuldu: data/btmigrate_output.xlsx
2025-08-04 06:45:33,081 [INFO] Row 1: ✅ Zaten mevcut → None
2025-08-04 06:45:33,089 [INFO] Row 2: ✅ Zaten mevcut → None
2025-08-04 06:45:33,098 [INFO] Row 3: ✅ Zaten mevcut → None
2025-08-04 06:45:33,106 [INFO] Row 4: ✅ Zaten mevcut → None
2025-08-04 06:45:33,115 [INFO] Row 5: ✅ Zaten mevcut → None
2025-08-04 06:45:33,124 [INFO] Row 6: ✅ Zaten mevcut → None
2025-08-04 06:45:33,133 [INFO] Row 7: ✅ Zaten mevcut → None
2025-08-04 06:45:33,142 [INFO] Row 8: ✅ Zaten mevcut → None
2025-08-04 06:45:33,152 [INFO] Row 9: ✅ Zaten mevcut → None
2025-08-04 06:45:33,161 [INFO] Row 10: ✅ Zaten mevcut → None
2025-08-04 06:45:33,170 [INFO] Row 11: ✅ Zaten mevcut → None
