2025-08-04 06:30:30,880 [INFO] 🚀 Loglama başlatıldı: logs/btmigrate_20250804_063030.log
2025-08-04 06:30:30,881 [INFO] 🚨 Hatalar ayrıca burada: logs/btmigrate_error_20250804_063030.log
2025-08-04 06:30:30,882 [DEBUG] Starting new HTTPS connection (1): bt.quasys.local:443
2025-08-04 06:30:30,962 [DEBUG] https://bt.quasys.local:443 "GET /BeyondTrust/api/public/v3/ManagedSystems HTTP/1.1" 200 4096
2025-08-04 06:30:30,962 [INFO] 📥 Managed System listesi API'den alındı ve cache'e yazıldı. (4 kayıt)
2025-08-04 06:30:30,963 [INFO] ✅ ManagedSystem cache yüklendi. (4 kayıt)
2025-08-04 06:30:30,964 [DEBUG] Starting new HTTPS connection (1): bt.quasys.local:443
2025-08-04 06:30:31,058 [DEBUG] https://bt.quasys.local:443 "GET /BeyondTrust/api/public/v3/FunctionalAccounts HTTP/1.1" 200 2315
2025-08-04 06:30:31,058 [INFO] 📥 FunctionalAccount listesi API'den alındı ve cache'e yazıldı. (9 kayıt)
2025-08-04 06:30:31,059 [INFO] ✅ FunctionalAccount cache yüklendi. (9 kayıt)
2025-08-04 06:30:31,061 [DEBUG] Starting new HTTPS connection (1): bt.quasys.local:443
2025-08-04 06:30:31,100 [DEBUG] https://bt.quasys.local:443 "GET /BeyondTrust/api/public/v3/SmartRules HTTP/1.1" 200 10211
2025-08-04 06:30:31,101 [INFO] ✅ SmartRule cache yüklendi. (35 kayıt)
2025-08-04 06:30:31,102 [DEBUG] Starting new HTTPS connection (1): bt.quasys.local:443
2025-08-04 06:30:31,129 [DEBUG] https://bt.quasys.local:443 "GET /BeyondTrust/api/public/v3/Applications HTTP/1.1" 200 1645
2025-08-04 06:30:31,129 [INFO] 📥 Application listesi API'den alındı ve cache'e yazıldı. (4 kayıt)
2025-08-04 06:30:31,130 [INFO] ✅ Application cache yüklendi. (4 kayıt)
2025-08-04 06:30:31,131 [DEBUG] Starting new HTTPS connection (1): bt.quasys.local:443
2025-08-04 06:30:31,158 [DEBUG] https://bt.quasys.local:443 "GET /BeyondTrust/api/public/v3/UserGroups HTTP/1.1" 200 649
2025-08-04 06:30:31,159 [INFO] 📥 User group listesi API'den alındı ve cache'e yazıldı. (2 kayıt)
2025-08-04 06:30:31,160 [INFO] ✅ UserGroup cache yüklendi. (2 kayıt)
2025-08-04 06:30:31,161 [DEBUG] Starting new HTTPS connection (1): bt.quasys.local:443
2025-08-04 06:30:31,198 [DEBUG] https://bt.quasys.local:443 "GET /BeyondTrust/api/public/v3/Users HTTP/1.1" 200 2090
2025-08-04 06:30:31,198 [INFO] 📥 User listesi API'den alındı ve cache'e yazıldı. (6 kayıt)
2025-08-04 06:30:31,199 [INFO] ✅ User cache yüklendi. (6 kayıt)
2025-08-04 06:30:31,206 [INFO] ✅ Output Excel dosyası oluşturuldu: data/btmigrate_output.xlsx
2025-08-04 06:30:31,217 [DEBUG] [FA Lookup] Gelen domain: quasys.local, OS: linux
2025-08-04 06:30:31,217 [DEBUG] [FA Lookup] Eşleşen FA ID: 5
2025-08-04 06:30:31,218 [DEBUG] Starting new HTTPS connection (1): bt.quasys.local:443
2025-08-04 06:30:31,418 [DEBUG] https://bt.quasys.local:443 "POST /BeyondTrust/api/public/v3/Workgroups/2/ManagedSystems HTTP/1.1" 201 1006
2025-08-04 06:30:31,419 [INFO] Row 1: ✅ Linux Managed System oluşturuldu: None
2025-08-04 06:30:31,428 [DEBUG] [FA Lookup] Gelen domain: quasys.local, OS: windows
2025-08-04 06:30:31,429 [DEBUG] [FA Lookup] Eşleşen FA ID: 4
2025-08-04 06:30:31,430 [DEBUG] Starting new HTTPS connection (1): bt.quasys.local:443
2025-08-04 06:30:31,572 [DEBUG] https://bt.quasys.local:443 "POST /BeyondTrust/api/public/v3/Workgroups/2/ManagedSystems HTTP/1.1" 201 1011
2025-08-04 06:30:31,573 [INFO] Row 2: ✅ Managed System oluşturuldu: None
2025-08-04 06:30:31,583 [DEBUG] [FA Lookup] Gelen domain: quasys.local, OS: mssql
2025-08-04 06:30:31,583 [DEBUG] [FA Lookup] Eşleşen FA ID: 9
2025-08-04 06:30:31,584 [DEBUG] Starting new HTTPS connection (1): bt.quasys.local:443
2025-08-04 06:30:31,709 [DEBUG] https://bt.quasys.local:443 "POST /BeyondTrust/api/public/v3/Workgroups/2/ManagedSystems HTTP/1.1" 201 1123
2025-08-04 06:30:31,710 [INFO] Row 3: ✅ MSSQL Managed System oluşturuldu: None
2025-08-04 06:30:31,719 [DEBUG] [FA Lookup] Gelen domain: quasys.local, OS: windows
2025-08-04 06:30:31,719 [DEBUG] [FA Lookup] Eşleşen FA ID: 4
2025-08-04 06:30:31,720 [DEBUG] Starting new HTTPS connection (1): bt.quasys.local:443
2025-08-04 06:30:31,869 [DEBUG] https://bt.quasys.local:443 "POST /BeyondTrust/api/public/v3/Workgroups/2/ManagedSystems HTTP/1.1" 201 1011
2025-08-04 06:30:31,871 [INFO] Row 4: ✅ Managed System oluşturuldu: None
2025-08-04 06:30:31,880 [INFO] Row 5: ✅ Zaten mevcut → None
2025-08-04 06:30:31,891 [DEBUG] [FA Lookup] Gelen domain: quasys.local, OS: oracle
2025-08-04 06:30:31,891 [DEBUG] [FA Lookup] Eşleşme yok. Aranan Domain: 'quasys.local', OS içinde: 'oracle'
2025-08-04 06:30:31,892 [ERROR] Row 6: [OracleHandler] Kod: -200 Message: Functional Account (oracle) bulunamadı.
2025-08-04 06:30:31,905 [DEBUG] [FA Lookup] Gelen domain: quasys.local, OS: oracle
2025-08-04 06:30:31,905 [DEBUG] [FA Lookup] Eşleşme yok. Aranan Domain: 'quasys.local', OS içinde: 'oracle'
2025-08-04 06:30:31,905 [ERROR] Row 7: [OracleHandler] Kod: -200 Message: Functional Account (oracle) bulunamadı.
2025-08-04 06:30:31,916 [INFO] Row 8: ✅ Zaten mevcut → None
2025-08-04 06:30:31,925 [INFO] Row 9: ✅ Zaten mevcut → None
2025-08-04 06:30:31,936 [DEBUG] [FA Lookup] Gelen domain: , OS: oracle
2025-08-04 06:30:31,936 [DEBUG] [FA Lookup] Eşleşen FA ID: 8
2025-08-04 06:30:31,937 [DEBUG] Starting new HTTPS connection (1): bt.quasys.local:443
2025-08-04 06:30:32,066 [DEBUG] https://bt.quasys.local:443 "POST /BeyondTrust/api/public/v3/Workgroups/2/ManagedSystems HTTP/1.1" 201 1072
2025-08-04 06:30:32,067 [INFO] Row 10: ✅ Oracle Managed System oluşturuldu: None
2025-08-04 06:30:32,079 [INFO] Row 11: ✅ Zaten mevcut → None
