2025-08-11 10:24:11,539 [INFO] 🚀 Loglama başlatıldı: logs/btmigrate_20250811_102411.log
2025-08-11 10:24:11,540 [INFO] 🚨 Hatalar ayrıca burada: logs/btmigrate_error_20250811_102411.log
2025-08-11 10:24:11,541 [DEBUG] Starting new HTTPS connection (1): bt.quasys.local:443
2025-08-11 10:24:11,629 [DEBUG] https://bt.quasys.local:443 "GET /BeyondTrust/api/public/v3/ManagedSystems HTTP/1.1" 200 4096
2025-08-11 10:24:11,630 [INFO] 📥 Managed System listesi API'den alındı ve cache'e yazıldı. (4 kayıt)
2025-08-11 10:24:11,631 [INFO] ✅ ManagedSystem cache yüklendi. (4 kayıt)
2025-08-11 10:24:11,632 [DEBUG] Starting new HTTPS connection (1): bt.quasys.local:443
2025-08-11 10:24:11,896 [DEBUG] https://bt.quasys.local:443 "GET /BeyondTrust/api/public/v3/FunctionalAccounts HTTP/1.1" 200 2315
2025-08-11 10:24:11,896 [INFO] 📥 FunctionalAccount listesi API'den alındı ve cache'e yazıldı. (9 kayıt)
2025-08-11 10:24:11,898 [INFO] ✅ FunctionalAccount cache yüklendi. (9 kayıt)
2025-08-11 10:24:11,899 [DEBUG] Starting new HTTPS connection (1): bt.quasys.local:443
2025-08-11 10:24:11,953 [DEBUG] https://bt.quasys.local:443 "GET /BeyondTrust/api/public/v3/SmartRules HTTP/1.1" 200 8872
2025-08-11 10:24:11,955 [INFO] ✅ SmartRule cache yüklendi. (30 kayıt)
2025-08-11 10:24:11,956 [DEBUG] Starting new HTTPS connection (1): bt.quasys.local:443
2025-08-11 10:24:11,979 [DEBUG] https://bt.quasys.local:443 "GET /BeyondTrust/api/public/v3/Applications HTTP/1.1" 200 1645
2025-08-11 10:24:11,980 [INFO] 📥 Application listesi API'den alındı ve cache'e yazıldı. (4 kayıt)
2025-08-11 10:24:11,981 [INFO] ✅ Application cache yüklendi. (4 kayıt)
2025-08-11 10:24:11,982 [DEBUG] Starting new HTTPS connection (1): bt.quasys.local:443
2025-08-11 10:24:12,010 [DEBUG] https://bt.quasys.local:443 "GET /BeyondTrust/api/public/v3/UserGroups HTTP/1.1" 200 1939
2025-08-11 10:24:12,010 [INFO] 📥 User group listesi API'den alındı ve cache'e yazıldı. (6 kayıt)
2025-08-11 10:24:12,011 [INFO] ✅ UserGroup cache yüklendi. (6 kayıt)
2025-08-11 10:24:12,013 [DEBUG] Starting new HTTPS connection (1): bt.quasys.local:443
2025-08-11 10:24:12,053 [DEBUG] https://bt.quasys.local:443 "GET /BeyondTrust/api/public/v3/Users HTTP/1.1" 200 2450
2025-08-11 10:24:12,053 [INFO] 📥 User listesi API'den alındı ve cache'e yazıldı. (7 kayıt)
2025-08-11 10:24:12,054 [INFO] ✅ User cache yüklendi. (7 kayıt)
2025-08-11 10:24:12,055 [INFO] 🧹 Var olan output dosyası silindi: data/btmigrate_output.xlsx
2025-08-11 10:24:12,064 [INFO] ✅ Output Excel dosyası oluşturuldu: data/btmigrate_output.xlsx
2025-08-11 10:24:12,065 [DEBUG] Starting new HTTPS connection (1): bt.quasys.local:443
2025-08-11 10:24:12,103 [DEBUG] https://bt.quasys.local:443 "GET /BeyondTrust/api/public/v3/SmartRules HTTP/1.1" 200 8872
2025-08-11 10:24:12,104 [INFO] 📥 Smart Rule listesi API'den alındı ve cache'e yazıldı. (30 kayıt)
2025-08-11 10:24:12,106 [DEBUG] Starting new HTTPS connection (1): bt.quasys.local:443
2025-08-11 10:24:12,129 [DEBUG] https://bt.quasys.local:443 "GET /BeyondTrust/api/public/v3/Applications HTTP/1.1" 200 1645
2025-08-11 10:24:12,130 [INFO] 📥 Application listesi API'den alındı ve cache'e yazıldı. (4 kayıt)
2025-08-11 10:24:12,131 [INFO] 📥 Application listesi API'den alındı ve cache'e yazıldı. (4 kayıt)
2025-08-11 10:24:12,142 [DEBUG] [FA Lookup] Aranan → Domain: 'quasys.local', OS: 'linux'
2025-08-11 10:24:12,142 [DEBUG] [FA Lookup] Eşleşen FA bulundu → ID: 5
2025-08-11 10:24:12,143 [DEBUG] Starting new HTTPS connection (1): bt.quasys.local:443
2025-08-11 10:24:12,293 [DEBUG] https://bt.quasys.local:443 "POST /BeyondTrust/api/public/v3/Workgroups/2/ManagedSystems HTTP/1.1" 201 1003
2025-08-11 10:24:12,295 [INFO] Row 1: Linux Managed System oluşturuldu: None
2025-08-11 10:24:12,295 [INFO] Row 1: Managed System oluşturuldu.
2025-08-11 10:24:12,304 [DEBUG] [FA Lookup] Aranan → Domain: 'quasys.local', OS: 'windows'
2025-08-11 10:24:12,304 [DEBUG] [FA Lookup] Eşleşen FA bulundu → ID: 4
2025-08-11 10:24:12,305 [DEBUG] Starting new HTTPS connection (1): bt.quasys.local:443
2025-08-11 10:24:12,432 [DEBUG] https://bt.quasys.local:443 "POST /BeyondTrust/api/public/v3/Workgroups/2/ManagedSystems HTTP/1.1" 201 1008
2025-08-11 10:24:12,433 [INFO] Row 2: Managed System oluşturuldu: None
2025-08-11 10:24:12,434 [INFO] Row 2: Managed System oluşturuldu.
2025-08-11 10:24:12,443 [DEBUG] [FA Lookup] Aranan → Domain: 'quasys.local', OS: 'linux'
2025-08-11 10:24:12,443 [DEBUG] [FA Lookup] Eşleşen FA bulundu → ID: 5
2025-08-11 10:24:12,444 [DEBUG] Starting new HTTPS connection (1): bt.quasys.local:443
2025-08-11 10:24:12,585 [DEBUG] https://bt.quasys.local:443 "POST /BeyondTrust/api/public/v3/Workgroups/2/ManagedSystems HTTP/1.1" 201 1003
2025-08-11 10:24:12,586 [INFO] Row 3: Linux Managed System oluşturuldu: None
2025-08-11 10:24:12,586 [INFO] Row 3: Managed System oluşturuldu.
2025-08-11 10:24:12,595 [DEBUG] [FA Lookup] Aranan → Domain: 'quasys.local', OS: 'windows'
2025-08-11 10:24:12,595 [DEBUG] [FA Lookup] Eşleşen FA bulundu → ID: 4
2025-08-11 10:24:12,596 [DEBUG] Starting new HTTPS connection (1): bt.quasys.local:443
2025-08-11 10:24:12,730 [DEBUG] https://bt.quasys.local:443 "POST /BeyondTrust/api/public/v3/Workgroups/2/ManagedSystems HTTP/1.1" 201 1023
2025-08-11 10:24:12,731 [INFO] Row 4: Managed System oluşturuldu: None
2025-08-11 10:24:12,732 [INFO] Row 4: Managed System oluşturuldu.
2025-08-11 10:24:12,742 [DEBUG] [FA Lookup] Aranan → Domain: 'nondomain', OS: 'linux'
2025-08-11 10:24:12,742 [DEBUG] [FA Lookup] Domain eşleşmedi. Sadece OS ('linux') ile fallback denenecek.
2025-08-11 10:24:12,742 [DEBUG] [FA Lookup] (Fallback) Eşleşme bulunamadı. Domain: 'nondomain', OS: 'linux'
2025-08-11 10:24:12,742 [ERROR] [LinuxHandler] Kod: 5 Message: [LinuxHandler] Kod: -200 Message: Functional Account ID bulunamadı.
2025-08-11 10:24:12,742 [ERROR] [Dispatcher] Kod: 5 Message: [Dispatcher] Kod: -101 Message: Oluşturma başarısız (ID dönmedi).
2025-08-11 10:24:12,751 [DEBUG] [FA Lookup] Aranan → Domain: 'quasys.local', OS: 'mssql'
2025-08-11 10:24:12,751 [DEBUG] [FA Lookup] Eşleşen FA bulundu → ID: 9
2025-08-11 10:24:12,751 [ERROR] [MssqlHandler] Kod: 6 Message: [MssqlHandler] Kod: -202 Message: Port değeri geçersiz: nan
2025-08-11 10:24:12,751 [ERROR] [Dispatcher] Kod: 6 Message: [Dispatcher] Kod: -101 Message: Oluşturma başarısız (ID dönmedi).
2025-08-11 10:24:12,759 [DEBUG] [FA Lookup] Aranan → Domain: 'quasys.local', OS: 'mssql'
2025-08-11 10:24:12,759 [DEBUG] [FA Lookup] Eşleşen FA bulundu → ID: 9
2025-08-11 10:24:12,759 [ERROR] [MssqlHandler] Kod: 7 Message: [MssqlHandler] Kod: -202 Message: Port değeri geçersiz: nan
2025-08-11 10:24:12,759 [ERROR] [Dispatcher] Kod: 7 Message: [Dispatcher] Kod: -101 Message: Oluşturma başarısız (ID dönmedi).
2025-08-11 10:24:12,768 [DEBUG] [FA Lookup] Aranan → Domain: 'nondomain', OS: 'oracle'
2025-08-11 10:24:12,768 [DEBUG] [FA Lookup] Domain eşleşmedi. Sadece OS ('oracle') ile fallback denenecek.
2025-08-11 10:24:12,768 [DEBUG] [FA Lookup] (Fallback) OS'e göre FA bulundu → ID: 8
2025-08-11 10:24:12,769 [DEBUG] Starting new HTTPS connection (1): bt.quasys.local:443
2025-08-11 10:24:12,893 [DEBUG] https://bt.quasys.local:443 "POST /BeyondTrust/api/public/v3/Workgroups/2/ManagedSystems HTTP/1.1" 201 1075
2025-08-11 10:24:12,894 [INFO] Row 8: Oracle Managed System oluşturuldu: None
2025-08-11 10:24:12,895 [INFO] Row 8: Managed System oluşturuldu.
2025-08-11 10:24:12,907 [DEBUG] [FA Lookup] Aranan → Domain: 'nondomain', OS: 'oracle'
2025-08-11 10:24:12,907 [DEBUG] [FA Lookup] Domain eşleşmedi. Sadece OS ('oracle') ile fallback denenecek.
2025-08-11 10:24:12,907 [DEBUG] [FA Lookup] (Fallback) OS'e göre FA bulundu → ID: 8
2025-08-11 10:24:12,908 [DEBUG] Starting new HTTPS connection (1): bt.quasys.local:443
2025-08-11 10:24:13,048 [DEBUG] https://bt.quasys.local:443 "POST /BeyondTrust/api/public/v3/Workgroups/2/ManagedSystems HTTP/1.1" 201 1077
2025-08-11 10:24:13,049 [INFO] Row 9: Oracle Managed System oluşturuldu: None
2025-08-11 10:24:13,049 [INFO] Row 9: Managed System oluşturuldu.
