2025-08-04 06:55:30,360 [INFO] 🚀 Loglama başlatıldı: logs/btmigrate_20250804_065530.log
2025-08-04 06:55:30,361 [INFO] 🚨 Hatalar ayrıca burada: logs/btmigrate_error_20250804_065530.log
2025-08-04 06:55:30,362 [DEBUG] Starting new HTTPS connection (1): bt.quasys.local:443
2025-08-04 06:55:30,490 [DEBUG] https://bt.quasys.local:443 "GET /BeyondTrust/api/public/v3/ManagedSystems HTTP/1.1" 200 4096
2025-08-04 06:55:30,490 [INFO] 📥 Managed System listesi API'den alındı ve cache'e yazıldı. (4 kayıt)
2025-08-04 06:55:30,491 [INFO] ✅ ManagedSystem cache yüklendi. (4 kayıt)
2025-08-04 06:55:30,492 [DEBUG] Starting new HTTPS connection (1): bt.quasys.local:443
2025-08-04 06:55:30,583 [DEBUG] https://bt.quasys.local:443 "GET /BeyondTrust/api/public/v3/FunctionalAccounts HTTP/1.1" 200 2315
2025-08-04 06:55:30,583 [INFO] 📥 FunctionalAccount listesi API'den alındı ve cache'e yazıldı. (9 kayıt)
2025-08-04 06:55:30,584 [INFO] ✅ FunctionalAccount cache yüklendi. (9 kayıt)
2025-08-04 06:55:30,585 [DEBUG] Starting new HTTPS connection (1): bt.quasys.local:443
2025-08-04 06:55:30,625 [DEBUG] https://bt.quasys.local:443 "GET /BeyondTrust/api/public/v3/SmartRules HTTP/1.1" 200 10225
2025-08-04 06:55:30,627 [INFO] ✅ SmartRule cache yüklendi. (35 kayıt)
2025-08-04 06:55:30,628 [DEBUG] Starting new HTTPS connection (1): bt.quasys.local:443
2025-08-04 06:55:30,653 [DEBUG] https://bt.quasys.local:443 "GET /BeyondTrust/api/public/v3/Applications HTTP/1.1" 200 1645
2025-08-04 06:55:30,654 [INFO] 📥 Application listesi API'den alındı ve cache'e yazıldı. (4 kayıt)
2025-08-04 06:55:30,655 [INFO] ✅ Application cache yüklendi. (4 kayıt)
2025-08-04 06:55:30,656 [DEBUG] Starting new HTTPS connection (1): bt.quasys.local:443
2025-08-04 06:55:30,683 [DEBUG] https://bt.quasys.local:443 "GET /BeyondTrust/api/public/v3/UserGroups HTTP/1.1" 200 649
2025-08-04 06:55:30,683 [INFO] 📥 User group listesi API'den alındı ve cache'e yazıldı. (2 kayıt)
2025-08-04 06:55:30,684 [INFO] ✅ UserGroup cache yüklendi. (2 kayıt)
2025-08-04 06:55:30,685 [DEBUG] Starting new HTTPS connection (1): bt.quasys.local:443
2025-08-04 06:55:30,723 [DEBUG] https://bt.quasys.local:443 "GET /BeyondTrust/api/public/v3/Users HTTP/1.1" 200 2090
2025-08-04 06:55:30,723 [INFO] 📥 User listesi API'den alındı ve cache'e yazıldı. (6 kayıt)
2025-08-04 06:55:30,724 [INFO] ✅ User cache yüklendi. (6 kayıt)
2025-08-04 06:55:30,732 [INFO] ✅ Output Excel dosyası oluşturuldu: data/btmigrate_output.xlsx
2025-08-04 06:55:30,742 [DEBUG] [FA Lookup] Gelen domain: quasys.com, OS: linux
2025-08-04 06:55:30,742 [DEBUG] [FA Lookup] Eşleşen FA ID: 7
2025-08-04 06:55:30,743 [DEBUG] Starting new HTTPS connection (1): bt.quasys.local:443
2025-08-04 06:55:30,897 [DEBUG] https://bt.quasys.local:443 "POST /BeyondTrust/api/public/v3/Workgroups/2/ManagedSystems HTTP/1.1" 201 1006
2025-08-04 06:55:30,899 [INFO] Row 1: ✅ Linux Managed System oluşturuldu: None
2025-08-04 06:55:30,907 [DEBUG] [FA Lookup] Gelen domain: quasys.local, OS: windows
2025-08-04 06:55:30,907 [DEBUG] [FA Lookup] Eşleşen FA ID: 4
2025-08-04 06:55:30,908 [DEBUG] Starting new HTTPS connection (1): bt.quasys.local:443
2025-08-04 06:55:31,035 [DEBUG] https://bt.quasys.local:443 "POST /BeyondTrust/api/public/v3/Workgroups/2/ManagedSystems HTTP/1.1" 201 1011
2025-08-04 06:55:31,037 [INFO] Row 2: ✅ Managed System oluşturuldu: None
2025-08-04 06:55:31,049 [DEBUG] [FA Lookup] Gelen domain: quasys.local, OS: mssql
2025-08-04 06:55:31,049 [DEBUG] [FA Lookup] Eşleşen FA ID: 9
2025-08-04 06:55:31,050 [DEBUG] Starting new HTTPS connection (1): bt.quasys.local:443
2025-08-04 06:55:31,169 [DEBUG] https://bt.quasys.local:443 "POST /BeyondTrust/api/public/v3/Workgroups/2/ManagedSystems HTTP/1.1" 201 1123
2025-08-04 06:55:31,170 [INFO] Row 3: ✅ MSSQL Managed System oluşturuldu: None
2025-08-04 06:55:31,179 [DEBUG] [FA Lookup] Gelen domain: quasys.local, OS: windows
2025-08-04 06:55:31,179 [DEBUG] [FA Lookup] Eşleşen FA ID: 4
2025-08-04 06:55:31,180 [DEBUG] Starting new HTTPS connection (1): bt.quasys.local:443
2025-08-04 06:55:31,334 [DEBUG] https://bt.quasys.local:443 "POST /BeyondTrust/api/public/v3/Workgroups/2/ManagedSystems HTTP/1.1" 201 1011
2025-08-04 06:55:31,335 [INFO] Row 4: ✅ Managed System oluşturuldu: None
2025-08-04 06:55:31,344 [INFO] Row 5: ✅ Zaten mevcut → None
2025-08-04 06:55:31,354 [DEBUG] [FA Lookup] Gelen domain: quasys.local, OS: oracle
2025-08-04 06:55:31,354 [DEBUG] [FA Lookup] Eşleşme yok. Aranan Domain: 'quasys.local', OS içinde: 'oracle'
2025-08-04 06:55:31,354 [ERROR] Row 6: [OracleHandler] Kod: -200 Message: Functional Account (oracle) bulunamadı.
2025-08-04 06:55:31,364 [DEBUG] [FA Lookup] Gelen domain: quasys.local, OS: oracle
2025-08-04 06:55:31,364 [DEBUG] [FA Lookup] Eşleşme yok. Aranan Domain: 'quasys.local', OS içinde: 'oracle'
2025-08-04 06:55:31,364 [ERROR] Row 7: [OracleHandler] Kod: -200 Message: Functional Account (oracle) bulunamadı.
2025-08-04 06:55:31,374 [INFO] Row 8: ✅ Zaten mevcut → None
2025-08-04 06:55:31,431 [INFO] Row 9: ✅ Zaten mevcut → None
2025-08-04 06:55:31,442 [DEBUG] [FA Lookup] Gelen domain: , OS: oracle
2025-08-04 06:55:31,442 [DEBUG] [FA Lookup] Eşleşen FA ID: 8
2025-08-04 06:55:31,443 [DEBUG] Starting new HTTPS connection (1): bt.quasys.local:443
2025-08-04 06:55:31,589 [DEBUG] https://bt.quasys.local:443 "POST /BeyondTrust/api/public/v3/Workgroups/2/ManagedSystems HTTP/1.1" 201 1072
2025-08-04 06:55:31,590 [INFO] Row 10: ✅ Oracle Managed System oluşturuldu: None
2025-08-04 06:55:31,601 [INFO] Row 11: ✅ Zaten mevcut → None
