2025-08-11 11:07:11,534 [INFO] 🚀 Loglama başlatıldı: logs/btmigrate_20250811_110711.log
2025-08-11 11:07:11,534 [INFO] 🚨 Hatalar ayrıca burada: logs/btmigrate_error_20250811_110711.log
2025-08-11 11:07:11,535 [DEBUG] Starting new HTTPS connection (1): bt.quasys.local:443
2025-08-11 11:07:11,615 [DEBUG] https://bt.quasys.local:443 "GET /BeyondTrust/api/public/v3/ManagedSystems HTTP/1.1" 200 4096
2025-08-11 11:07:11,615 [INFO] 📥 Managed System listesi API'den alındı ve cache'e yazıldı. (4 kayıt)
2025-08-11 11:07:11,616 [INFO] ✅ ManagedSystem cache yüklendi. (4 kayıt)
2025-08-11 11:07:11,617 [DEBUG] Starting new HTTPS connection (1): bt.quasys.local:443
2025-08-11 11:07:11,705 [DEBUG] https://bt.quasys.local:443 "GET /BeyondTrust/api/public/v3/FunctionalAccounts HTTP/1.1" 200 2315
2025-08-11 11:07:11,706 [INFO] 📥 FunctionalAccount listesi API'den alındı ve cache'e yazıldı. (9 kayıt)
2025-08-11 11:07:11,707 [INFO] ✅ FunctionalAccount cache yüklendi. (9 kayıt)
2025-08-11 11:07:11,708 [DEBUG] Starting new HTTPS connection (1): bt.quasys.local:443
2025-08-11 11:07:11,748 [DEBUG] https://bt.quasys.local:443 "GET /BeyondTrust/api/public/v3/SmartRules HTTP/1.1" 200 8869
2025-08-11 11:07:11,750 [INFO] ✅ SmartRule cache yüklendi. (30 kayıt)
2025-08-11 11:07:11,751 [DEBUG] Starting new HTTPS connection (1): bt.quasys.local:443
2025-08-11 11:07:11,774 [DEBUG] https://bt.quasys.local:443 "GET /BeyondTrust/api/public/v3/Applications HTTP/1.1" 200 1645
2025-08-11 11:07:11,774 [INFO] 📥 Application listesi API'den alındı ve cache'e yazıldı. (4 kayıt)
2025-08-11 11:07:11,775 [INFO] ✅ Application cache yüklendi. (4 kayıt)
2025-08-11 11:07:11,776 [DEBUG] Starting new HTTPS connection (1): bt.quasys.local:443
2025-08-11 11:07:11,802 [DEBUG] https://bt.quasys.local:443 "GET /BeyondTrust/api/public/v3/UserGroups HTTP/1.1" 200 1939
2025-08-11 11:07:11,802 [INFO] 📥 User group listesi API'den alındı ve cache'e yazıldı. (6 kayıt)
2025-08-11 11:07:11,803 [INFO] ✅ UserGroup cache yüklendi. (6 kayıt)
2025-08-11 11:07:11,804 [DEBUG] Starting new HTTPS connection (1): bt.quasys.local:443
2025-08-11 11:07:11,843 [DEBUG] https://bt.quasys.local:443 "GET /BeyondTrust/api/public/v3/Users HTTP/1.1" 200 2450
2025-08-11 11:07:11,843 [INFO] 📥 User listesi API'den alındı ve cache'e yazıldı. (7 kayıt)
2025-08-11 11:07:11,844 [INFO] ✅ User cache yüklendi. (7 kayıt)
2025-08-11 11:07:11,845 [INFO] 🧹 Var olan output dosyası silindi: data/btmigrate_output.xlsx
2025-08-11 11:07:11,852 [INFO] ✅ Output Excel dosyası oluşturuldu: data/btmigrate_output.xlsx
2025-08-11 11:07:11,862 [DEBUG] [FA Lookup] Aranan → Domain: 'quasys.local', OS: 'linux'
2025-08-11 11:07:11,862 [DEBUG] [FA Lookup] Eşleşen FA bulundu → ID: 5
2025-08-11 11:07:11,862 [DEBUG] Starting new HTTPS connection (1): bt.quasys.local:443
2025-08-11 11:07:12,015 [DEBUG] https://bt.quasys.local:443 "POST /BeyondTrust/api/public/v3/Workgroups/2/ManagedSystems HTTP/1.1" 201 1003
2025-08-11 11:07:12,017 [INFO] Row 1: Linux Managed System oluşturuldu: None
2025-08-11 11:07:12,017 [INFO] Row 1: Managed System oluşturuldu.
2025-08-11 11:07:12,019 [DEBUG] Starting new HTTPS connection (1): bt.quasys.local:443
2025-08-11 11:07:12,085 [DEBUG] https://bt.quasys.local:443 "GET /BeyondTrust/api/public/v3/ManagedSystems/2/ManagedAccounts HTTP/1.1" 200 2
2025-08-11 11:07:12,087 [DEBUG] Starting new HTTPS connection (1): bt.quasys.local:443
2025-08-11 11:07:12,207 [DEBUG] https://bt.quasys.local:443 "POST /BeyondTrust/api/public/v3/ManagedSystems/2/ManagedAccounts HTTP/1.1" 201 1122
2025-08-11 11:07:12,208 [INFO] [ManagedAccountAPI] ✅ AD Managed Account oluşturuldu: pam118064
2025-08-11 11:07:12,209 [INFO] Row 1: AD managed account oluşturuldu: pam118064
2025-08-11 11:07:12,210 [DEBUG] Starting new HTTPS connection (1): bt.quasys.local:443
2025-08-11 11:07:12,257 [DEBUG] https://bt.quasys.local:443 "POST /BeyondTrust/api/public/v3/ManagedSystems/263/LinkedAccounts/153 HTTP/1.1" 201 1122
2025-08-11 11:07:12,257 [INFO] [ManagedAccountAPI] 🔗 Linkleme başarılı → SystemID: 263, AccountID: 153
2025-08-11 11:07:12,259 [INFO] Row 1: AD managed account oluşturuldu: pam118064
2025-08-11 11:07:12,261 [DEBUG] Starting new HTTPS connection (1): bt.quasys.local:443
2025-08-11 11:07:12,316 [DEBUG] https://bt.quasys.local:443 "POST /BeyondTrust/api/public/v3/QuickRules HTTP/1.1" 201 265
2025-08-11 11:07:12,316 [INFO] [SmartRuleAPI] ✅ SmartRule oluşturuldu: THY_MA_S_OZCAN
2025-08-11 11:07:12,317 [INFO] Row 1: Smart Rule oluşturuldu: THY_MA_S_OZCAN
2025-08-11 11:07:12,318 [INFO] 🚀 Application atama başlatıldı. (AccountID: 153)
2025-08-11 11:07:12,319 [DEBUG] Starting new HTTPS connection (1): bt.quasys.local:443
2025-08-11 11:07:12,348 [DEBUG] https://bt.quasys.local:443 "GET /BeyondTrust/api/public/v3/ManagedAccounts/153/Applications HTTP/1.1" 200 2
2025-08-11 11:07:12,350 [DEBUG] Starting new HTTPS connection (1): bt.quasys.local:443
2025-08-11 11:07:12,379 [DEBUG] https://bt.quasys.local:443 "POST /BeyondTrust/api/public/v3/ManagedAccounts/153/Applications/4 HTTP/1.1" 201 451
2025-08-11 11:07:12,380 [INFO] ✅ ApplicationID 4 → ManagedAccountID 153 ataması başarılı.
2025-08-11 11:07:12,381 [INFO] 📦 App atama özeti (AccountID:153) → İstenen:1, Atanan:1, Zaten:0, Bulunamadı:0, Başarısız:0
2025-08-11 11:07:12,381 [INFO] Row 1: Tüm uygulamalar başarıyla atandı veya önceden atanmış.
2025-08-11 11:07:12,391 [DEBUG] [FA Lookup] Aranan → Domain: 'quasys.local', OS: 'windows'
2025-08-11 11:07:12,391 [DEBUG] [FA Lookup] Eşleşen FA bulundu → ID: 4
2025-08-11 11:07:12,392 [DEBUG] Starting new HTTPS connection (1): bt.quasys.local:443
2025-08-11 11:07:12,520 [DEBUG] https://bt.quasys.local:443 "POST /BeyondTrust/api/public/v3/Workgroups/2/ManagedSystems HTTP/1.1" 201 1008
2025-08-11 11:07:12,521 [INFO] Row 2: Managed System oluşturuldu: None
2025-08-11 11:07:12,521 [INFO] Row 2: Managed System oluşturuldu.
2025-08-11 11:07:12,523 [DEBUG] Starting new HTTPS connection (1): bt.quasys.local:443
2025-08-11 11:07:12,590 [DEBUG] https://bt.quasys.local:443 "GET /BeyondTrust/api/public/v3/ManagedSystems/2/ManagedAccounts HTTP/1.1" 200 1124
2025-08-11 11:07:12,591 [INFO] Row 1: AD managed account zaten var: pam118064
2025-08-11 11:07:12,593 [DEBUG] Starting new HTTPS connection (1): bt.quasys.local:443
2025-08-11 11:07:12,631 [DEBUG] https://bt.quasys.local:443 "POST /BeyondTrust/api/public/v3/ManagedSystems/264/LinkedAccounts/153 HTTP/1.1" 201 1122
2025-08-11 11:07:12,632 [INFO] [ManagedAccountAPI] 🔗 Linkleme başarılı → SystemID: 264, AccountID: 153
2025-08-11 11:07:12,633 [INFO] Row 1: AD managed account oluşturuldu: pam118064
2025-08-11 11:07:12,634 [DEBUG] Starting new HTTPS connection (1): bt.quasys.local:443
2025-08-11 11:07:12,710 [DEBUG] https://bt.quasys.local:443 "GET /BeyondTrust/api/public/v3/QuickRules/10083/ManagedAccounts HTTP/1.1" 200 1124
2025-08-11 11:07:12,711 [INFO] Row 2: Smart Rule zaten mevcut ve hesap bağlı: THY_MA_S_OZCAN
2025-08-11 11:07:12,712 [INFO] Row 2: Application alanı boş/uygunsuz; atama yapılmayacak (AccountID:153).
2025-08-11 11:07:12,720 [DEBUG] [FA Lookup] Aranan → Domain: 'quasys.local', OS: 'linux'
2025-08-11 11:07:12,720 [DEBUG] [FA Lookup] Eşleşen FA bulundu → ID: 5
2025-08-11 11:07:12,721 [DEBUG] Starting new HTTPS connection (1): bt.quasys.local:443
2025-08-11 11:07:12,856 [DEBUG] https://bt.quasys.local:443 "POST /BeyondTrust/api/public/v3/Workgroups/2/ManagedSystems HTTP/1.1" 201 1003
2025-08-11 11:07:12,857 [INFO] Row 3: Linux Managed System oluşturuldu: None
2025-08-11 11:07:12,857 [INFO] Row 3: Managed System oluşturuldu.
2025-08-11 11:07:12,859 [DEBUG] Starting new HTTPS connection (1): bt.quasys.local:443
2025-08-11 11:07:12,964 [DEBUG] https://bt.quasys.local:443 "GET /BeyondTrust/api/public/v3/ManagedSystems/2/ManagedAccounts HTTP/1.1" 200 1124
2025-08-11 11:07:12,965 [INFO] Row 1: AD managed account zaten var: pam118064
2025-08-11 11:07:12,966 [DEBUG] Starting new HTTPS connection (1): bt.quasys.local:443
2025-08-11 11:07:13,011 [DEBUG] https://bt.quasys.local:443 "POST /BeyondTrust/api/public/v3/ManagedSystems/265/LinkedAccounts/153 HTTP/1.1" 201 1122
2025-08-11 11:07:13,011 [INFO] [ManagedAccountAPI] 🔗 Linkleme başarılı → SystemID: 265, AccountID: 153
2025-08-11 11:07:13,012 [INFO] Row 1: AD managed account oluşturuldu: pam118064
2025-08-11 11:07:13,014 [DEBUG] Starting new HTTPS connection (1): bt.quasys.local:443
2025-08-11 11:07:13,059 [DEBUG] https://bt.quasys.local:443 "GET /BeyondTrust/api/public/v3/QuickRules/10083/ManagedAccounts HTTP/1.1" 200 1124
2025-08-11 11:07:13,060 [INFO] Row 3: Smart Rule zaten mevcut ve hesap bağlı: THY_MA_S_OZCAN
2025-08-11 11:07:13,061 [INFO] 🚀 Application atama başlatıldı. (AccountID: 153)
2025-08-11 11:07:13,062 [DEBUG] Starting new HTTPS connection (1): bt.quasys.local:443
2025-08-11 11:07:13,092 [DEBUG] https://bt.quasys.local:443 "GET /BeyondTrust/api/public/v3/ManagedAccounts/153/Applications HTTP/1.1" 200 453
2025-08-11 11:07:13,094 [INFO] ℹ️ Application 'winscp' zaten atanmış, atlama yapıldı.
2025-08-11 11:07:13,094 [INFO] 📦 App atama özeti (AccountID:153) → İstenen:1, Atanan:0, Zaten:1, Bulunamadı:0, Başarısız:0
2025-08-11 11:07:13,094 [INFO] Row 3: Tüm uygulamalar başarıyla atandı veya önceden atanmış.
2025-08-11 11:07:13,104 [DEBUG] [FA Lookup] Aranan → Domain: 'quasys.local', OS: 'windows'
2025-08-11 11:07:13,104 [DEBUG] [FA Lookup] Eşleşen FA bulundu → ID: 4
2025-08-11 11:07:13,105 [DEBUG] Starting new HTTPS connection (1): bt.quasys.local:443
2025-08-11 11:07:13,263 [DEBUG] https://bt.quasys.local:443 "POST /BeyondTrust/api/public/v3/Workgroups/2/ManagedSystems HTTP/1.1" 201 1023
2025-08-11 11:07:13,264 [INFO] Row 4: Managed System oluşturuldu: None
2025-08-11 11:07:13,265 [INFO] Row 4: Managed System oluşturuldu.
2025-08-11 11:07:13,266 [DEBUG] Starting new HTTPS connection (1): bt.quasys.local:443
2025-08-11 11:07:13,329 [DEBUG] https://bt.quasys.local:443 "GET /BeyondTrust/api/public/v3/ManagedSystems/2/ManagedAccounts HTTP/1.1" 200 1124
2025-08-11 11:07:13,331 [DEBUG] Starting new HTTPS connection (1): bt.quasys.local:443
2025-08-11 11:07:13,460 [DEBUG] https://bt.quasys.local:443 "POST /BeyondTrust/api/public/v3/ManagedSystems/2/ManagedAccounts HTTP/1.1" 201 1123
2025-08-11 11:07:13,461 [INFO] [ManagedAccountAPI] ✅ AD Managed Account oluşturuldu: pam100887
2025-08-11 11:07:13,462 [INFO] Row 2: AD managed account oluşturuldu: pam100887
2025-08-11 11:07:13,463 [DEBUG] Starting new HTTPS connection (1): bt.quasys.local:443
2025-08-11 11:07:13,502 [DEBUG] https://bt.quasys.local:443 "POST /BeyondTrust/api/public/v3/ManagedSystems/266/LinkedAccounts/154 HTTP/1.1" 201 1123
2025-08-11 11:07:13,503 [INFO] [ManagedAccountAPI] 🔗 Linkleme başarılı → SystemID: 266, AccountID: 154
2025-08-11 11:07:13,503 [INFO] Row 2: AD managed account oluşturuldu: pam100887
2025-08-11 11:07:13,505 [DEBUG] Starting new HTTPS connection (1): bt.quasys.local:443
2025-08-11 11:07:13,560 [DEBUG] https://bt.quasys.local:443 "POST /BeyondTrust/api/public/v3/QuickRules HTTP/1.1" 201 274
2025-08-11 11:07:13,560 [INFO] [SmartRuleAPI] ✅ SmartRule oluşturuldu: THY_MA_Y_UCUNCUOGLU
2025-08-11 11:07:13,561 [INFO] Row 4: Smart Rule oluşturuldu: THY_MA_Y_UCUNCUOGLU
2025-08-11 11:07:13,562 [INFO] Row 4: Application alanı boş/uygunsuz; atama yapılmayacak (AccountID:154).
2025-08-11 11:07:13,573 [DEBUG] [FA Lookup] Aranan → Domain: 'nondomain', OS: 'linux'
2025-08-11 11:07:13,573 [DEBUG] [FA Lookup] Domain eşleşmedi. Sadece OS ('linux') ile fallback denenecek.
2025-08-11 11:07:13,573 [DEBUG] [FA Lookup] (Fallback) Eşleşme bulunamadı. Domain: 'nondomain', OS: 'linux'
2025-08-11 11:07:13,573 [ERROR] [LinuxHandler] Kod: 5 Message: [LinuxHandler] Kod: -200 Message: Functional Account ID bulunamadı.
2025-08-11 11:07:13,573 [ERROR] [Dispatcher] Kod: 5 Message: [Dispatcher] Kod: -101 Message: Oluşturma başarısız (ID dönmedi).
2025-08-11 11:07:13,573 [ERROR] [ADManagedAccount] Kod: 2 Message: [ADManagedAccount] Kod: -300 Message: Domain controller bulunamadı. Domain: nondomain
2025-08-11 11:07:13,574 [ERROR] [Dispatcher] Kod: 2 Message: [Dispatcher] Kod: -101 Message: AD managed account oluşturulamadı (ID yok).
2025-08-11 11:07:13,586 [DEBUG] [FA Lookup] Aranan → Domain: 'quasys.local', OS: 'mssql'
2025-08-11 11:07:13,586 [DEBUG] [FA Lookup] Eşleşen FA bulundu → ID: 9
2025-08-11 11:07:13,586 [ERROR] [MssqlHandler] Kod: 6 Message: [MssqlHandler] Kod: -202 Message: Port değeri geçersiz: nan
2025-08-11 11:07:13,586 [ERROR] [Dispatcher] Kod: 6 Message: [Dispatcher] Kod: -101 Message: Oluşturma başarısız (ID dönmedi).
2025-08-11 11:07:13,586 [ERROR] [MSSQLManagedAccount] Kod: 2 Message: [MSSQLManagedAccount] Kod: -410 Message: Port değeri geçersiz: nan
2025-08-11 11:07:13,586 [ERROR] [Dispatcher] Kod: 2 Message: [Dispatcher] Kod: -103 Message: MSSQL managed account oluşturulamadı (ID yok).
2025-08-11 11:07:13,599 [DEBUG] [FA Lookup] Aranan → Domain: 'quasys.local', OS: 'mssql'
2025-08-11 11:07:13,600 [DEBUG] [FA Lookup] Eşleşen FA bulundu → ID: 9
2025-08-11 11:07:13,600 [ERROR] [MssqlHandler] Kod: 7 Message: [MssqlHandler] Kod: -202 Message: Port değeri geçersiz: nan
2025-08-11 11:07:13,600 [ERROR] [Dispatcher] Kod: 7 Message: [Dispatcher] Kod: -101 Message: Oluşturma başarısız (ID dönmedi).
2025-08-11 11:07:13,600 [ERROR] [MSSQLManagedAccount] Kod: 2 Message: [MSSQLManagedAccount] Kod: -410 Message: Port değeri geçersiz: nan
2025-08-11 11:07:13,600 [ERROR] [Dispatcher] Kod: 2 Message: [Dispatcher] Kod: -103 Message: MSSQL managed account oluşturulamadı (ID yok).
2025-08-11 11:07:13,613 [DEBUG] [FA Lookup] Aranan → Domain: 'nondomain', OS: 'oracle'
2025-08-11 11:07:13,613 [DEBUG] [FA Lookup] Domain eşleşmedi. Sadece OS ('oracle') ile fallback denenecek.
2025-08-11 11:07:13,613 [DEBUG] [FA Lookup] (Fallback) OS'e göre FA bulundu → ID: 8
2025-08-11 11:07:13,614 [DEBUG] Starting new HTTPS connection (1): bt.quasys.local:443
2025-08-11 11:07:13,736 [DEBUG] https://bt.quasys.local:443 "POST /BeyondTrust/api/public/v3/Workgroups/2/ManagedSystems HTTP/1.1" 201 1075
2025-08-11 11:07:13,737 [INFO] Row 8: Oracle Managed System oluşturuldu: None
2025-08-11 11:07:13,738 [INFO] Row 8: Managed System oluşturuldu.
2025-08-11 11:07:13,739 [DEBUG] Starting new HTTPS connection (1): bt.quasys.local:443
2025-08-11 11:07:13,838 [DEBUG] https://bt.quasys.local:443 "GET /BeyondTrust/api/public/v3/ManagedSystems/267/ManagedAccounts HTTP/1.1" 200 2
2025-08-11 11:07:13,840 [DEBUG] Starting new HTTPS connection (1): bt.quasys.local:443
2025-08-11 11:07:13,973 [DEBUG] https://bt.quasys.local:443 "POST /BeyondTrust/api/public/v3/ManagedSystems/267/ManagedAccounts HTTP/1.1" 201 1100
2025-08-11 11:07:13,973 [INFO] ✅ Oracle Managed Account oluşturuldu: PAM100545
2025-08-11 11:07:13,974 [INFO] Row 3: Oracle managed account oluşturuldu: PAM100545
2025-08-11 11:07:13,975 [INFO] Row 3: Oracle managed account oluşturuldu: PAM100545
2025-08-11 11:07:13,976 [DEBUG] Starting new HTTPS connection (1): bt.quasys.local:443
2025-08-11 11:07:14,030 [DEBUG] https://bt.quasys.local:443 "POST /BeyondTrust/api/public/v3/QuickRules HTTP/1.1" 201 265
2025-08-11 11:07:14,031 [INFO] [SmartRuleAPI] ✅ SmartRule oluşturuldu: THY_MA_E_MISIR
2025-08-11 11:07:14,032 [INFO] Row 8: Smart Rule oluşturuldu: THY_MA_E_MISIR
2025-08-11 11:07:14,032 [INFO] 🚀 Application atama başlatıldı. (AccountID: 155)
2025-08-11 11:07:14,033 [DEBUG] Starting new HTTPS connection (1): bt.quasys.local:443
2025-08-11 11:07:14,069 [DEBUG] https://bt.quasys.local:443 "GET /BeyondTrust/api/public/v3/ManagedAccounts/155/Applications HTTP/1.1" 200 2
2025-08-11 11:07:14,072 [DEBUG] Starting new HTTPS connection (1): bt.quasys.local:443
2025-08-11 11:07:14,108 [DEBUG] https://bt.quasys.local:443 "POST /BeyondTrust/api/public/v3/ManagedAccounts/155/Applications/6 HTTP/1.1" 201 285
2025-08-11 11:07:14,108 [INFO] ✅ ApplicationID 6 → ManagedAccountID 155 ataması başarılı.
2025-08-11 11:07:14,110 [INFO] 📦 App atama özeti (AccountID:155) → İstenen:1, Atanan:1, Zaten:0, Bulunamadı:0, Başarısız:0
2025-08-11 11:07:14,110 [INFO] Row 8: Tüm uygulamalar başarıyla atandı veya önceden atanmış.
2025-08-11 11:07:14,122 [DEBUG] [FA Lookup] Aranan → Domain: 'nondomain', OS: 'oracle'
2025-08-11 11:07:14,122 [DEBUG] [FA Lookup] Domain eşleşmedi. Sadece OS ('oracle') ile fallback denenecek.
2025-08-11 11:07:14,122 [DEBUG] [FA Lookup] (Fallback) OS'e göre FA bulundu → ID: 8
2025-08-11 11:07:14,123 [DEBUG] Starting new HTTPS connection (1): bt.quasys.local:443
2025-08-11 11:07:14,237 [DEBUG] https://bt.quasys.local:443 "POST /BeyondTrust/api/public/v3/Workgroups/2/ManagedSystems HTTP/1.1" 201 1077
2025-08-11 11:07:14,238 [INFO] Row 9: Oracle Managed System oluşturuldu: None
2025-08-11 11:07:14,238 [INFO] Row 9: Managed System oluşturuldu.
2025-08-11 11:07:14,240 [DEBUG] Starting new HTTPS connection (1): bt.quasys.local:443
2025-08-11 11:07:14,344 [DEBUG] https://bt.quasys.local:443 "GET /BeyondTrust/api/public/v3/ManagedSystems/268/ManagedAccounts HTTP/1.1" 200 2
2025-08-11 11:07:14,346 [DEBUG] Starting new HTTPS connection (1): bt.quasys.local:443
2025-08-11 11:07:14,454 [DEBUG] https://bt.quasys.local:443 "POST /BeyondTrust/api/public/v3/ManagedSystems/268/ManagedAccounts HTTP/1.1" 201 1099
2025-08-11 11:07:14,454 [INFO] ✅ Oracle Managed Account oluşturuldu: PAM100546
2025-08-11 11:07:14,455 [INFO] Row 4: Oracle managed account oluşturuldu: PAM100546
2025-08-11 11:07:14,456 [INFO] Row 4: Oracle managed account oluşturuldu: PAM100546
2025-08-11 11:07:14,457 [DEBUG] Starting new HTTPS connection (1): bt.quasys.local:443
2025-08-11 11:07:14,537 [DEBUG] https://bt.quasys.local:443 "GET /BeyondTrust/api/public/v3/QuickRules/10085/ManagedAccounts HTTP/1.1" 200 1102
2025-08-11 11:07:14,540 [DEBUG] Starting new HTTPS connection (1): bt.quasys.local:443
2025-08-11 11:07:14,639 [DEBUG] https://bt.quasys.local:443 "PUT /BeyondTrust/api/public/v3/QuickRules/10085/ManagedAccounts HTTP/1.1" 200 2202
2025-08-11 11:07:14,639 [INFO] [SmartRuleAPI] ✅ SmartRule güncellendi. ID=10085, AccountIDs=[155, 156]
2025-08-11 11:07:14,640 [INFO] Row 9: Smart Rule güncellendi (hesap eklendi): THY_MA_E_MISIR
2025-08-11 11:07:14,641 [INFO] 🚀 Application atama başlatıldı. (AccountID: 156)
2025-08-11 11:07:14,642 [DEBUG] Starting new HTTPS connection (1): bt.quasys.local:443
2025-08-11 11:07:14,670 [DEBUG] https://bt.quasys.local:443 "GET /BeyondTrust/api/public/v3/ManagedAccounts/156/Applications HTTP/1.1" 200 2
2025-08-11 11:07:14,673 [DEBUG] Starting new HTTPS connection (1): bt.quasys.local:443
2025-08-11 11:07:14,704 [DEBUG] https://bt.quasys.local:443 "POST /BeyondTrust/api/public/v3/ManagedAccounts/156/Applications/6 HTTP/1.1" 201 285
2025-08-11 11:07:14,705 [INFO] ✅ ApplicationID 6 → ManagedAccountID 156 ataması başarılı.
2025-08-11 11:07:14,706 [INFO] 📦 App atama özeti (AccountID:156) → İstenen:1, Atanan:1, Zaten:0, Bulunamadı:0, Başarısız:0
2025-08-11 11:07:14,706 [INFO] Row 9: Tüm uygulamalar başarıyla atandı veya önceden atanmış.
