2025-08-01 14:58:36,173 [INFO] 🚀 Loglama başlatıldı: logs/btmigrate_20250801_145836.log
2025-08-01 14:58:36,173 [INFO] 🚨 Hatalar ayrıca burada: logs/btmigrate_error_20250801_145836.log
2025-08-01 14:58:36,175 [DEBUG] Starting new HTTPS connection (1): bt.quasys.local:443
2025-08-01 14:58:36,308 [DEBUG] https://bt.quasys.local:443 "GET /BeyondTrust/api/public/v3/ManagedSystems HTTP/1.1" 200 8205
2025-08-01 14:58:36,309 [INFO] 📥 Managed System listesi API'den alındı ve cache'e yazıldı. (8 kayıt)
2025-08-01 14:58:36,310 [INFO] ✅ ManagedSystem cache yüklendi. (8 kayıt)
2025-08-01 14:58:36,312 [DEBUG] Starting new HTTPS connection (1): bt.quasys.local:443
2025-08-01 14:58:36,471 [DEBUG] https://bt.quasys.local:443 "GET /BeyondTrust/api/public/v3/FunctionalAccounts HTTP/1.1" 200 2315
2025-08-01 14:58:36,471 [DEBUG] [FA Dump] {'FunctionalAccountID': 1, 'PlatformID': 25, 'DomainName': 'quasys.local', 'AccountName': 'admin', 'DisplayName': 'admin', 'Description': '', 'ElevationCommand': None, 'SystemReferenceCount': 4, 'TenantID': None, 'ObjectID': None, 'AzureInstance': '', 'TestObjectID': ''}
2025-08-01 14:58:36,471 [DEBUG] [FA Dump] {'FunctionalAccountID': 2, 'PlatformID': 1000, 'DomainName': None, 'AccountName': 'vagrant', 'DisplayName': 'custom-linux-vagrant', 'Description': '', 'ElevationCommand': 'sudo', 'SystemReferenceCount': 0, 'TenantID': None, 'ObjectID': None, 'AzureInstance': '', 'TestObjectID': ''}
2025-08-01 14:58:36,471 [DEBUG] [FA Dump] {'FunctionalAccountID': 3, 'PlatformID': 25, 'DomainName': 'thynet.thy.com', 'AccountName': 'T_ISTINYE', 'DisplayName': 'T_ISTINYE', 'Description': '', 'ElevationCommand': None, 'SystemReferenceCount': 0, 'TenantID': None, 'ObjectID': None, 'AzureInstance': '', 'TestObjectID': ''}
2025-08-01 14:58:36,471 [DEBUG] [FA Dump] {'FunctionalAccountID': 4, 'PlatformID': 25, 'DomainName': 'quasys.local', 'AccountName': 'WIN_USER', 'DisplayName': 'WIN_USER', 'Description': 'windows', 'ElevationCommand': None, 'SystemReferenceCount': 1, 'TenantID': None, 'ObjectID': None, 'AzureInstance': '', 'TestObjectID': ''}
2025-08-01 14:58:36,471 [DEBUG] [FA Dump] {'FunctionalAccountID': 5, 'PlatformID': 25, 'DomainName': 'quasys.local', 'AccountName': 'LIN_USER', 'DisplayName': 'LIN_USER', 'Description': 'linux', 'ElevationCommand': None, 'SystemReferenceCount': 0, 'TenantID': None, 'ObjectID': None, 'AzureInstance': '', 'TestObjectID': ''}
2025-08-01 14:58:36,471 [DEBUG] [FA Dump] {'FunctionalAccountID': 6, 'PlatformID': 25, 'DomainName': 'quasys.com', 'AccountName': 'COM_WIN_USER', 'DisplayName': 'COM_WIN_USER', 'Description': 'windows', 'ElevationCommand': None, 'SystemReferenceCount': 2, 'TenantID': None, 'ObjectID': None, 'AzureInstance': '', 'TestObjectID': ''}
2025-08-01 14:58:36,471 [DEBUG] [FA Dump] {'FunctionalAccountID': 7, 'PlatformID': 25, 'DomainName': 'quasys.com', 'AccountName': 'COM_LIN_USER', 'DisplayName': 'COM_LIN_USER', 'Description': 'linux', 'ElevationCommand': None, 'SystemReferenceCount': 0, 'TenantID': None, 'ObjectID': None, 'AzureInstance': '', 'TestObjectID': ''}
2025-08-01 14:58:36,471 [DEBUG] [FA Dump] {'FunctionalAccountID': 8, 'PlatformID': 8, 'DomainName': None, 'AccountName': 'oracle', 'DisplayName': 'oracle', 'Description': 'oracle', 'ElevationCommand': None, 'SystemReferenceCount': 0, 'TenantID': None, 'ObjectID': None, 'AzureInstance': '', 'TestObjectID': ''}
2025-08-01 14:58:36,472 [DEBUG] [FA Dump] {'FunctionalAccountID': 9, 'PlatformID': 11, 'DomainName': None, 'AccountName': 'mssql', 'DisplayName': 'mssql', 'Description': 'mssql', 'ElevationCommand': None, 'SystemReferenceCount': 0, 'TenantID': None, 'ObjectID': None, 'AzureInstance': '', 'TestObjectID': ''}
2025-08-01 14:58:36,472 [INFO] 📥 FunctionalAccount listesi API'den alındı ve cache'e yazıldı. (9 kayıt)
2025-08-01 14:58:36,473 [INFO] ✅ FunctionalAccount cache yüklendi. (9 kayıt)
2025-08-01 14:58:36,488 [INFO] Row 1: ✅ Zaten mevcut → None
2025-08-01 14:58:36,488 [INFO] Row 2: ✅ Zaten mevcut → None
2025-08-01 14:58:36,488 [DEBUG] [FA Lookup] Gelen domain: quasys.local, OS: mssql
2025-08-01 14:58:36,488 [DEBUG] [FA Lookup] Gelen domain: quasys.local, OS: mssql
2025-08-01 14:58:36,488 [DEBUG] [FA Lookup] Eşleşme yok. Aranan Domain: 'quasys.local', OS içinde: 'mssql'
2025-08-01 14:58:36,488 [DEBUG] [FA Lookup] Eşleşme yok. Aranan Domain: 'quasys.local', OS içinde: 'mssql'
2025-08-01 14:58:36,488 [ERROR] Row 3: [MssqlHandler] Kod: -200 Message: Functional Account (mssql) bulunamadı.
2025-08-01 14:58:36,488 [INFO] Row 4: ✅ Zaten mevcut → None
2025-08-01 14:58:36,488 [INFO] Row 5: ✅ Zaten mevcut → None
2025-08-01 14:58:36,488 [INFO] Row 6: ✅ Zaten mevcut → None
