2025-08-04 06:50:29,740 [INFO] 🚀 Loglama başlatıldı: logs/btmigrate_20250804_065029.log
2025-08-04 06:50:29,740 [INFO] 🚨 Hatalar ayrıca burada: logs/btmigrate_error_20250804_065029.log
2025-08-04 06:50:29,741 [DEBUG] Starting new HTTPS connection (1): bt.quasys.local:443
2025-08-04 06:50:29,822 [DEBUG] https://bt.quasys.local:443 "GET /BeyondTrust/api/public/v3/ManagedSystems HTTP/1.1" 200 9324
2025-08-04 06:50:29,823 [INFO] 📥 Managed System listesi API'den alındı ve cache'e yazıldı. (9 kayıt)
2025-08-04 06:50:29,824 [INFO] ✅ ManagedSystem cache yüklendi. (9 kayıt)
2025-08-04 06:50:29,825 [DEBUG] Starting new HTTPS connection (1): bt.quasys.local:443
2025-08-04 06:50:29,908 [DEBUG] https://bt.quasys.local:443 "GET /BeyondTrust/api/public/v3/FunctionalAccounts HTTP/1.1" 200 2315
2025-08-04 06:50:29,908 [INFO] 📥 FunctionalAccount listesi API'den alındı ve cache'e yazıldı. (9 kayıt)
2025-08-04 06:50:29,909 [INFO] ✅ FunctionalAccount cache yüklendi. (9 kayıt)
2025-08-04 06:50:29,911 [DEBUG] Starting new HTTPS connection (1): bt.quasys.local:443
2025-08-04 06:50:29,947 [DEBUG] https://bt.quasys.local:443 "GET /BeyondTrust/api/public/v3/SmartRules HTTP/1.1" 200 10222
2025-08-04 06:50:29,949 [INFO] ✅ SmartRule cache yüklendi. (35 kayıt)
2025-08-04 06:50:29,950 [DEBUG] Starting new HTTPS connection (1): bt.quasys.local:443
2025-08-04 06:50:29,975 [DEBUG] https://bt.quasys.local:443 "GET /BeyondTrust/api/public/v3/Applications HTTP/1.1" 200 1645
2025-08-04 06:50:29,975 [INFO] 📥 Application listesi API'den alındı ve cache'e yazıldı. (4 kayıt)
2025-08-04 06:50:29,976 [INFO] ✅ Application cache yüklendi. (4 kayıt)
2025-08-04 06:50:29,977 [DEBUG] Starting new HTTPS connection (1): bt.quasys.local:443
2025-08-04 06:50:30,006 [DEBUG] https://bt.quasys.local:443 "GET /BeyondTrust/api/public/v3/UserGroups HTTP/1.1" 200 649
2025-08-04 06:50:30,006 [INFO] 📥 User group listesi API'den alındı ve cache'e yazıldı. (2 kayıt)
2025-08-04 06:50:30,007 [INFO] ✅ UserGroup cache yüklendi. (2 kayıt)
2025-08-04 06:50:30,008 [DEBUG] Starting new HTTPS connection (1): bt.quasys.local:443
2025-08-04 06:50:30,043 [DEBUG] https://bt.quasys.local:443 "GET /BeyondTrust/api/public/v3/Users HTTP/1.1" 200 2090
2025-08-04 06:50:30,043 [INFO] 📥 User listesi API'den alındı ve cache'e yazıldı. (6 kayıt)
2025-08-04 06:50:30,044 [INFO] ✅ User cache yüklendi. (6 kayıt)
2025-08-04 06:50:30,053 [INFO] ✅ Output Excel dosyası oluşturuldu: data/btmigrate_output.xlsx
2025-08-04 06:50:30,062 [INFO] Row 1: ✅ Zaten mevcut → None
2025-08-04 06:50:30,071 [INFO] Row 2: ✅ Zaten mevcut → None
2025-08-04 06:50:30,081 [INFO] Row 3: ✅ Zaten mevcut → None
2025-08-04 06:50:30,090 [INFO] Row 4: ✅ Zaten mevcut → None
2025-08-04 06:50:30,099 [INFO] Row 5: ✅ Zaten mevcut → None
2025-08-04 06:50:30,109 [INFO] Row 6: ✅ Zaten mevcut → None
2025-08-04 06:50:30,118 [INFO] Row 7: ✅ Zaten mevcut → None
2025-08-04 06:50:30,128 [INFO] Row 8: ✅ Zaten mevcut → None
2025-08-04 06:50:30,137 [INFO] Row 9: ✅ Zaten mevcut → None
2025-08-04 06:50:30,147 [INFO] Row 10: ✅ Zaten mevcut → None
2025-08-04 06:50:30,159 [INFO] Row 11: ✅ Zaten mevcut → None
