2025-08-11 10:57:54,382 [INFO] 🚀 Loglama başlatıldı: logs/btmigrate_20250811_105754.log
2025-08-11 10:57:54,382 [INFO] 🚨 Hatalar ayrıca burada: logs/btmigrate_error_20250811_105754.log
2025-08-11 10:57:54,384 [DEBUG] Starting new HTTPS connection (1): bt.quasys.local:443
2025-08-11 10:57:54,477 [DEBUG] https://bt.quasys.local:443 "GET /BeyondTrust/api/public/v3/ManagedSystems HTTP/1.1" 200 10291
2025-08-11 10:57:54,478 [INFO] 📥 Managed System listesi API'den alındı ve cache'e yazıldı. (10 kayıt)
2025-08-11 10:57:54,479 [INFO] ✅ ManagedSystem cache yüklendi. (10 kayıt)
2025-08-11 10:57:54,480 [DEBUG] Starting new HTTPS connection (1): bt.quasys.local:443
2025-08-11 10:57:54,576 [DEBUG] https://bt.quasys.local:443 "GET /BeyondTrust/api/public/v3/FunctionalAccounts HTTP/1.1" 200 2315
2025-08-11 10:57:54,576 [INFO] 📥 FunctionalAccount listesi API'den alındı ve cache'e yazıldı. (9 kayıt)
2025-08-11 10:57:54,577 [INFO] ✅ FunctionalAccount cache yüklendi. (9 kayıt)
2025-08-11 10:57:54,578 [DEBUG] Starting new HTTPS connection (1): bt.quasys.local:443
2025-08-11 10:57:54,616 [DEBUG] https://bt.quasys.local:443 "GET /BeyondTrust/api/public/v3/SmartRules HTTP/1.1" 200 8874
2025-08-11 10:57:54,618 [INFO] ✅ SmartRule cache yüklendi. (30 kayıt)
2025-08-11 10:57:54,619 [DEBUG] Starting new HTTPS connection (1): bt.quasys.local:443
2025-08-11 10:57:54,645 [DEBUG] https://bt.quasys.local:443 "GET /BeyondTrust/api/public/v3/Applications HTTP/1.1" 200 1645
2025-08-11 10:57:54,645 [INFO] 📥 Application listesi API'den alındı ve cache'e yazıldı. (4 kayıt)
2025-08-11 10:57:54,646 [INFO] ✅ Application cache yüklendi. (4 kayıt)
2025-08-11 10:57:54,648 [DEBUG] Starting new HTTPS connection (1): bt.quasys.local:443
2025-08-11 10:57:54,678 [DEBUG] https://bt.quasys.local:443 "GET /BeyondTrust/api/public/v3/UserGroups HTTP/1.1" 200 1939
2025-08-11 10:57:54,679 [INFO] 📥 User group listesi API'den alındı ve cache'e yazıldı. (6 kayıt)
2025-08-11 10:57:54,680 [INFO] ✅ UserGroup cache yüklendi. (6 kayıt)
2025-08-11 10:57:54,681 [DEBUG] Starting new HTTPS connection (1): bt.quasys.local:443
2025-08-11 10:57:54,718 [DEBUG] https://bt.quasys.local:443 "GET /BeyondTrust/api/public/v3/Users HTTP/1.1" 200 2450
2025-08-11 10:57:54,718 [INFO] 📥 User listesi API'den alındı ve cache'e yazıldı. (7 kayıt)
2025-08-11 10:57:54,719 [INFO] ✅ User cache yüklendi. (7 kayıt)
2025-08-11 10:57:54,720 [INFO] 🧹 Var olan output dosyası silindi: data/btmigrate_output.xlsx
2025-08-11 10:57:54,727 [INFO] ✅ Output Excel dosyası oluşturuldu: data/btmigrate_output.xlsx
2025-08-11 10:57:54,728 [DEBUG] Starting new HTTPS connection (1): bt.quasys.local:443
2025-08-11 10:57:54,770 [DEBUG] https://bt.quasys.local:443 "GET /BeyondTrust/api/public/v3/SmartRules HTTP/1.1" 200 8874
2025-08-11 10:57:54,772 [INFO] 📥 Smart Rule listesi API'den alındı ve cache'e yazıldı. (30 kayıt)
2025-08-11 10:57:54,783 [INFO] Row 1: ✅ Zaten mevcut → None
2025-08-11 10:57:54,785 [DEBUG] Starting new HTTPS connection (1): bt.quasys.local:443
2025-08-11 10:57:54,860 [DEBUG] https://bt.quasys.local:443 "GET /BeyondTrust/api/public/v3/ManagedSystems/2/ManagedAccounts HTTP/1.1" 200 2249
2025-08-11 10:57:54,861 [INFO] Row 1: AD managed account zaten var: pam118064
2025-08-11 10:57:54,862 [DEBUG] Starting new HTTPS connection (1): bt.quasys.local:443
2025-08-11 10:57:54,905 [DEBUG] https://bt.quasys.local:443 "POST /BeyondTrust/api/public/v3/ManagedSystems/245/LinkedAccounts/141 HTTP/1.1" 200 1123
2025-08-11 10:57:54,905 [INFO] [ManagedAccountAPI] 🔗 Linkleme başarılı → SystemID: 245, AccountID: 141
2025-08-11 10:57:54,906 [INFO] Row 1: AD managed account oluşturuldu: pam118064
2025-08-11 10:57:54,908 [DEBUG] Starting new HTTPS connection (1): bt.quasys.local:443
2025-08-11 10:57:54,988 [DEBUG] https://bt.quasys.local:443 "POST /BeyondTrust/api/public/v3/QuickRules HTTP/1.1" 201 265
2025-08-11 10:57:54,989 [INFO] [SmartRuleAPI] ✅ SmartRule oluşturuldu: THY_MA_S_OZCAN
2025-08-11 10:57:54,990 [INFO] Row 1: Smart Rule oluşturuldu: THY_MA_S_OZCAN
2025-08-11 10:57:54,999 [INFO] Row 2: ✅ Zaten mevcut → None
2025-08-11 10:57:55,001 [DEBUG] Starting new HTTPS connection (1): bt.quasys.local:443
2025-08-11 10:57:55,067 [DEBUG] https://bt.quasys.local:443 "GET /BeyondTrust/api/public/v3/ManagedSystems/2/ManagedAccounts HTTP/1.1" 200 2249
2025-08-11 10:57:55,068 [INFO] Row 1: AD managed account zaten var: pam118064
2025-08-11 10:57:55,069 [DEBUG] Starting new HTTPS connection (1): bt.quasys.local:443
2025-08-11 10:57:55,102 [DEBUG] https://bt.quasys.local:443 "POST /BeyondTrust/api/public/v3/ManagedSystems/246/LinkedAccounts/141 HTTP/1.1" 200 1123
2025-08-11 10:57:55,102 [INFO] [ManagedAccountAPI] 🔗 Linkleme başarılı → SystemID: 246, AccountID: 141
2025-08-11 10:57:55,103 [INFO] Row 1: AD managed account oluşturuldu: pam118064
2025-08-11 10:57:55,105 [DEBUG] Starting new HTTPS connection (1): bt.quasys.local:443
2025-08-11 10:57:55,184 [DEBUG] https://bt.quasys.local:443 "GET /BeyondTrust/api/public/v3/QuickRules/10074/ManagedAccounts HTTP/1.1" 200 1125
2025-08-11 10:57:55,185 [INFO] Row 2: Smart Rule zaten mevcut ve hesap bağlı: THY_MA_S_OZCAN
2025-08-11 10:57:55,195 [INFO] Row 3: ✅ Zaten mevcut → None
2025-08-11 10:57:55,196 [DEBUG] Starting new HTTPS connection (1): bt.quasys.local:443
2025-08-11 10:57:55,265 [DEBUG] https://bt.quasys.local:443 "GET /BeyondTrust/api/public/v3/ManagedSystems/2/ManagedAccounts HTTP/1.1" 200 2249
2025-08-11 10:57:55,266 [INFO] Row 1: AD managed account zaten var: pam118064
2025-08-11 10:57:55,267 [DEBUG] Starting new HTTPS connection (1): bt.quasys.local:443
2025-08-11 10:57:55,301 [DEBUG] https://bt.quasys.local:443 "POST /BeyondTrust/api/public/v3/ManagedSystems/247/LinkedAccounts/141 HTTP/1.1" 200 1123
2025-08-11 10:57:55,301 [INFO] [ManagedAccountAPI] 🔗 Linkleme başarılı → SystemID: 247, AccountID: 141
2025-08-11 10:57:55,302 [INFO] Row 1: AD managed account oluşturuldu: pam118064
2025-08-11 10:57:55,304 [DEBUG] Starting new HTTPS connection (1): bt.quasys.local:443
2025-08-11 10:57:55,349 [DEBUG] https://bt.quasys.local:443 "GET /BeyondTrust/api/public/v3/QuickRules/10074/ManagedAccounts HTTP/1.1" 200 1125
2025-08-11 10:57:55,350 [INFO] Row 3: Smart Rule zaten mevcut ve hesap bağlı: THY_MA_S_OZCAN
2025-08-11 10:57:55,361 [INFO] Row 4: ✅ Zaten mevcut → None
2025-08-11 10:57:55,362 [DEBUG] Starting new HTTPS connection (1): bt.quasys.local:443
2025-08-11 10:57:55,428 [DEBUG] https://bt.quasys.local:443 "GET /BeyondTrust/api/public/v3/ManagedSystems/2/ManagedAccounts HTTP/1.1" 200 2249
2025-08-11 10:57:55,430 [INFO] Row 2: AD managed account zaten var: pam100887
2025-08-11 10:57:55,431 [DEBUG] Starting new HTTPS connection (1): bt.quasys.local:443
2025-08-11 10:57:55,464 [DEBUG] https://bt.quasys.local:443 "POST /BeyondTrust/api/public/v3/ManagedSystems/248/LinkedAccounts/142 HTTP/1.1" 200 1123
2025-08-11 10:57:55,464 [INFO] [ManagedAccountAPI] 🔗 Linkleme başarılı → SystemID: 248, AccountID: 142
2025-08-11 10:57:55,465 [INFO] Row 2: AD managed account oluşturuldu: pam100887
2025-08-11 10:57:55,467 [DEBUG] Starting new HTTPS connection (1): bt.quasys.local:443
2025-08-11 10:57:55,526 [DEBUG] https://bt.quasys.local:443 "POST /BeyondTrust/api/public/v3/QuickRules HTTP/1.1" 201 275
2025-08-11 10:57:55,527 [INFO] [SmartRuleAPI] ✅ SmartRule oluşturuldu: THY_MA_Y_UCUNCUOGLU
2025-08-11 10:57:55,528 [INFO] Row 4: Smart Rule oluşturuldu: THY_MA_Y_UCUNCUOGLU
2025-08-11 10:57:55,539 [DEBUG] [FA Lookup] Aranan → Domain: 'nondomain', OS: 'linux'
2025-08-11 10:57:55,539 [DEBUG] [FA Lookup] Domain eşleşmedi. Sadece OS ('linux') ile fallback denenecek.
2025-08-11 10:57:55,539 [DEBUG] [FA Lookup] (Fallback) Eşleşme bulunamadı. Domain: 'nondomain', OS: 'linux'
2025-08-11 10:57:55,539 [ERROR] [LinuxHandler] Kod: 5 Message: [LinuxHandler] Kod: -200 Message: Functional Account ID bulunamadı.
2025-08-11 10:57:55,539 [ERROR] [Dispatcher] Kod: 5 Message: [Dispatcher] Kod: -101 Message: Oluşturma başarısız (ID dönmedi).
2025-08-11 10:57:55,539 [ERROR] [ADManagedAccount] Kod: 2 Message: [ADManagedAccount] Kod: -300 Message: Domain controller bulunamadı. Domain: nondomain
2025-08-11 10:57:55,539 [ERROR] [Dispatcher] Kod: 2 Message: [Dispatcher] Kod: -101 Message: AD managed account oluşturulamadı (ID yok).
2025-08-11 10:57:55,549 [DEBUG] [FA Lookup] Aranan → Domain: 'quasys.local', OS: 'mssql'
2025-08-11 10:57:55,550 [DEBUG] [FA Lookup] Eşleşen FA bulundu → ID: 9
2025-08-11 10:57:55,550 [ERROR] [MssqlHandler] Kod: 6 Message: [MssqlHandler] Kod: -202 Message: Port değeri geçersiz: nan
2025-08-11 10:57:55,550 [ERROR] [Dispatcher] Kod: 6 Message: [Dispatcher] Kod: -101 Message: Oluşturma başarısız (ID dönmedi).
2025-08-11 10:57:55,550 [ERROR] [MSSQLManagedAccount] Kod: 2 Message: [MSSQLManagedAccount] Kod: -410 Message: Port değeri geçersiz: nan
2025-08-11 10:57:55,550 [ERROR] [Dispatcher] Kod: 2 Message: [Dispatcher] Kod: -103 Message: MSSQL managed account oluşturulamadı (ID yok).
2025-08-11 10:57:55,560 [DEBUG] [FA Lookup] Aranan → Domain: 'quasys.local', OS: 'mssql'
2025-08-11 10:57:55,560 [DEBUG] [FA Lookup] Eşleşen FA bulundu → ID: 9
2025-08-11 10:57:55,560 [ERROR] [MssqlHandler] Kod: 7 Message: [MssqlHandler] Kod: -202 Message: Port değeri geçersiz: nan
2025-08-11 10:57:55,561 [ERROR] [Dispatcher] Kod: 7 Message: [Dispatcher] Kod: -101 Message: Oluşturma başarısız (ID dönmedi).
2025-08-11 10:57:55,561 [ERROR] [MSSQLManagedAccount] Kod: 2 Message: [MSSQLManagedAccount] Kod: -410 Message: Port değeri geçersiz: nan
2025-08-11 10:57:55,561 [ERROR] [Dispatcher] Kod: 2 Message: [Dispatcher] Kod: -103 Message: MSSQL managed account oluşturulamadı (ID yok).
2025-08-11 10:57:55,571 [INFO] Row 8: ✅ Zaten mevcut → None
2025-08-11 10:57:55,573 [DEBUG] Starting new HTTPS connection (1): bt.quasys.local:443
2025-08-11 10:57:55,640 [DEBUG] https://bt.quasys.local:443 "GET /BeyondTrust/api/public/v3/ManagedSystems/249/ManagedAccounts HTTP/1.1" 200 1102
2025-08-11 10:57:55,641 [INFO] Row 3: Oracle managed account zaten var: PAM100545
2025-08-11 10:57:55,642 [INFO] Row 3: Oracle managed account oluşturuldu: PAM100545
2025-08-11 10:57:55,643 [DEBUG] Starting new HTTPS connection (1): bt.quasys.local:443
2025-08-11 10:57:55,714 [DEBUG] https://bt.quasys.local:443 "POST /BeyondTrust/api/public/v3/QuickRules HTTP/1.1" 201 265
2025-08-11 10:57:55,715 [INFO] [SmartRuleAPI] ✅ SmartRule oluşturuldu: THY_MA_E_MISIR
2025-08-11 10:57:55,717 [INFO] Row 8: Smart Rule oluşturuldu: THY_MA_E_MISIR
2025-08-11 10:57:55,729 [INFO] Row 9: ✅ Zaten mevcut → None
2025-08-11 10:57:55,730 [DEBUG] Starting new HTTPS connection (1): bt.quasys.local:443
2025-08-11 10:57:55,798 [DEBUG] https://bt.quasys.local:443 "GET /BeyondTrust/api/public/v3/ManagedSystems/250/ManagedAccounts HTTP/1.1" 200 1102
2025-08-11 10:57:55,800 [INFO] Row 4: Oracle managed account zaten var: PAM100546
2025-08-11 10:57:55,800 [INFO] Row 4: Oracle managed account oluşturuldu: PAM100546
2025-08-11 10:57:55,801 [DEBUG] Starting new HTTPS connection (1): bt.quasys.local:443
2025-08-11 10:57:55,880 [DEBUG] https://bt.quasys.local:443 "GET /BeyondTrust/api/public/v3/QuickRules/10076/ManagedAccounts HTTP/1.1" 200 1102
2025-08-11 10:57:55,882 [DEBUG] Starting new HTTPS connection (1): bt.quasys.local:443
2025-08-11 10:57:56,004 [DEBUG] https://bt.quasys.local:443 "PUT /BeyondTrust/api/public/v3/QuickRules/10076/ManagedAccounts HTTP/1.1" 200 2203
2025-08-11 10:57:56,005 [INFO] [SmartRuleAPI] ✅ SmartRule güncellendi. ID=10076, AccountIDs=[144, 143]
2025-08-11 10:57:56,006 [INFO] Row 9: Smart Rule güncellendi (hesap eklendi): THY_MA_E_MISIR
