2025-08-04 11:36:25,483 [INFO] 🚀 Loglama başlatıldı: logs/btmigrate_20250804_113625.log
2025-08-04 11:36:25,483 [INFO] 🚨 Hatalar ayrıca burada: logs/btmigrate_error_20250804_113625.log
2025-08-04 11:36:25,484 [DEBUG] Starting new HTTPS connection (1): bt.quasys.local:443
2025-08-04 11:36:25,583 [DEBUG] https://bt.quasys.local:443 "GET /BeyondTrust/api/public/v3/ManagedSystems HTTP/1.1" 200 9324
2025-08-04 11:36:25,584 [INFO] 📥 Managed System listesi API'den alındı ve cache'e yazıldı. (9 kayıt)
2025-08-04 11:36:25,585 [INFO] ✅ ManagedSystem cache yüklendi. (9 kayıt)
2025-08-04 11:36:25,586 [DEBUG] Starting new HTTPS connection (1): bt.quasys.local:443
2025-08-04 11:36:25,680 [DEBUG] https://bt.quasys.local:443 "GET /BeyondTrust/api/public/v3/FunctionalAccounts HTTP/1.1" 200 2315
2025-08-04 11:36:25,681 [INFO] 📥 FunctionalAccount listesi API'den alındı ve cache'e yazıldı. (9 kayıt)
2025-08-04 11:36:25,682 [INFO] ✅ FunctionalAccount cache yüklendi. (9 kayıt)
2025-08-04 11:36:25,683 [DEBUG] Starting new HTTPS connection (1): bt.quasys.local:443
2025-08-04 11:36:25,723 [DEBUG] https://bt.quasys.local:443 "GET /BeyondTrust/api/public/v3/SmartRules HTTP/1.1" 200 10222
2025-08-04 11:36:25,725 [INFO] ✅ SmartRule cache yüklendi. (35 kayıt)
2025-08-04 11:36:25,726 [DEBUG] Starting new HTTPS connection (1): bt.quasys.local:443
2025-08-04 11:36:25,749 [DEBUG] https://bt.quasys.local:443 "GET /BeyondTrust/api/public/v3/Applications HTTP/1.1" 200 1645
2025-08-04 11:36:25,750 [INFO] 📥 Application listesi API'den alındı ve cache'e yazıldı. (4 kayıt)
2025-08-04 11:36:25,750 [INFO] ✅ Application cache yüklendi. (4 kayıt)
2025-08-04 11:36:25,752 [DEBUG] Starting new HTTPS connection (1): bt.quasys.local:443
2025-08-04 11:36:25,780 [DEBUG] https://bt.quasys.local:443 "GET /BeyondTrust/api/public/v3/UserGroups HTTP/1.1" 200 977
2025-08-04 11:36:25,780 [INFO] 📥 User group listesi API'den alındı ve cache'e yazıldı. (3 kayıt)
2025-08-04 11:36:25,781 [INFO] ✅ UserGroup cache yüklendi. (3 kayıt)
2025-08-04 11:36:25,782 [DEBUG] Starting new HTTPS connection (1): bt.quasys.local:443
2025-08-04 11:36:25,820 [DEBUG] https://bt.quasys.local:443 "GET /BeyondTrust/api/public/v3/Users HTTP/1.1" 200 2090
2025-08-04 11:36:25,820 [INFO] 📥 User listesi API'den alındı ve cache'e yazıldı. (6 kayıt)
2025-08-04 11:36:25,821 [INFO] ✅ User cache yüklendi. (6 kayıt)
2025-08-04 11:36:25,822 [INFO] 🧹 Var olan output dosyası silindi: data/btmigrate_output.xlsx
2025-08-04 11:36:25,829 [INFO] ✅ Output Excel dosyası oluşturuldu: data/btmigrate_output.xlsx
2025-08-04 11:36:25,840 [INFO] Row 1: ✅ Zaten mevcut → None
2025-08-04 11:36:25,849 [INFO] Row 2: ✅ Zaten mevcut → None
2025-08-04 11:36:25,860 [INFO] Row 3: ✅ Zaten mevcut → None
2025-08-04 11:36:25,870 [INFO] Row 4: ✅ Zaten mevcut → None
2025-08-04 11:36:25,880 [INFO] Row 5: ✅ Zaten mevcut → None
2025-08-04 11:36:25,890 [INFO] Row 6: ✅ Zaten mevcut → None
2025-08-04 11:36:25,900 [INFO] Row 7: ✅ Zaten mevcut → None
2025-08-04 11:36:25,909 [INFO] Row 8: ✅ Zaten mevcut → None
2025-08-04 11:36:25,922 [INFO] Row 9: ✅ Zaten mevcut → None
2025-08-04 11:36:25,934 [INFO] Row 10: ✅ Zaten mevcut → None
2025-08-04 11:36:25,946 [INFO] Row 11: ✅ Zaten mevcut → None
